  [1m[36m (1.1ms)[0m  [1mCREATE TABLE "schema_migrations" ("version" varchar NOT NULL) [0m
  [1m[35m (0.1ms)[0m  select sqlite_version(*)
  [1m[36m (0.8ms)[0m  [1mCREATE UNIQUE INDEX "unique_schema_migrations" ON "schema_migrations" ("version")[0m
  [1m[35mActiveRecord::SchemaMigration Load (0.1ms)[0m  SELECT "schema_migrations".* FROM "schema_migrations"
Migrating to DeviseCreateUsers (20150825105416)
  [1m[36m (0.1ms)[0m  [1mbegin transaction[0m
  [1m[35m (0.5ms)[0m  CREATE TABLE "users" ("id" INTEGER PRIMARY KEY AUTOINCREMENT NOT NULL, "email" varchar DEFAULT '' NOT NULL, "encrypted_password" varchar DEFAULT '' NOT NULL, "reset_password_token" varchar, "reset_password_sent_at" datetime, "remember_created_at" datetime, "sign_in_count" integer DEFAULT 0 NOT NULL, "current_sign_in_at" datetime, "last_sign_in_at" datetime, "current_sign_in_ip" varchar, "last_sign_in_ip" varchar, "created_at" datetime NOT NULL, "updated_at" datetime NOT NULL) 
  [1m[36m (0.4ms)[0m  [1mCREATE UNIQUE INDEX "index_users_on_email" ON "users" ("email")[0m
  [1m[35m (0.1ms)[0m              SELECT sql
            FROM sqlite_master
            WHERE name='index_users_on_email' AND type='index'
            UNION ALL
            SELECT sql
            FROM sqlite_temp_master
            WHERE name='index_users_on_email' AND type='index'

  [1m[36m (0.1ms)[0m  [1mCREATE UNIQUE INDEX "index_users_on_reset_password_token" ON "users" ("reset_password_token")[0m
  [1m[35mSQL (0.1ms)[0m  INSERT INTO "schema_migrations" ("version") VALUES (?)  [["version", "20150825105416"]]
  [1m[36m (1.1ms)[0m  [1mcommit transaction[0m
Migrating to AddNameToUsers (20150825105419)
  [1m[35m (0.1ms)[0m  begin transaction
  [1m[36m (0.4ms)[0m  [1mALTER TABLE "users" ADD "name" varchar[0m
  [1m[35mSQL (0.1ms)[0m  INSERT INTO "schema_migrations" ("version") VALUES (?)  [["version", "20150825105419"]]
  [1m[36m (0.7ms)[0m  [1mcommit transaction[0m
  [1m[35mActiveRecord::SchemaMigration Load (0.1ms)[0m  SELECT "schema_migrations".* FROM "schema_migrations"
  [1m[36m (0.3ms)[0m  [1m            SELECT sql
            FROM sqlite_master
            WHERE name='index_users_on_reset_password_token' AND type='index'
            UNION ALL
            SELECT sql
            FROM sqlite_temp_master
            WHERE name='index_users_on_reset_password_token' AND type='index'
[0m
  [1m[35m (0.1ms)[0m              SELECT sql
            FROM sqlite_master
            WHERE name='index_users_on_email' AND type='index'
            UNION ALL
            SELECT sql
            FROM sqlite_temp_master
            WHERE name='index_users_on_email' AND type='index'

  [1m[36mActiveRecord::SchemaMigration Load (0.1ms)[0m  [1mSELECT "schema_migrations".* FROM "schema_migrations"[0m
Migrating to AddRoleToUsers (20150825105425)
  [1m[35m (0.1ms)[0m  begin transaction
  [1m[36m (0.5ms)[0m  [1mALTER TABLE "users" ADD "role" integer[0m
  [1m[35mSQL (0.2ms)[0m  INSERT INTO "schema_migrations" ("version") VALUES (?)  [["version", "20150825105425"]]
  [1m[36m (0.9ms)[0m  [1mcommit transaction[0m
  [1m[35mActiveRecord::SchemaMigration Load (0.1ms)[0m  SELECT "schema_migrations".* FROM "schema_migrations"
  [1m[36m (0.1ms)[0m  [1m            SELECT sql
            FROM sqlite_master
            WHERE name='index_users_on_reset_password_token' AND type='index'
            UNION ALL
            SELECT sql
            FROM sqlite_temp_master
            WHERE name='index_users_on_reset_password_token' AND type='index'
[0m
  [1m[35m (0.1ms)[0m              SELECT sql
            FROM sqlite_master
            WHERE name='index_users_on_email' AND type='index'
            UNION ALL
            SELECT sql
            FROM sqlite_temp_master
            WHERE name='index_users_on_email' AND type='index'

  [1m[36mActiveRecord::SchemaMigration Load (0.1ms)[0m  [1mSELECT "schema_migrations".* FROM "schema_migrations"[0m
  [1m[35mUser Load (0.3ms)[0m  SELECT  "users".* FROM "users" WHERE "users"."email" = ? LIMIT 1  [["email", "user@example.com"]]
  [1m[36m (0.1ms)[0m  [1mbegin transaction[0m
  [1m[35mUser Exists (0.2ms)[0m  SELECT  1 AS one FROM "users" WHERE "users"."email" = 'user@example.com' LIMIT 1
  [1m[36mSQL (0.5ms)[0m  [1mINSERT INTO "users" ("email", "encrypted_password", "role", "created_at", "updated_at") VALUES (?, ?, ?, ?, ?)[0m  [["email", "user@example.com"], ["encrypted_password", "$2a$10$KuYqPAGuAcQS0wftIF6ZvO6oXOxCY1R.fNGIjBI3dubKqqWD1h.ey"], ["role", 2], ["created_at", "2015-08-25 10:55:06.221962"], ["updated_at", "2015-08-25 10:55:06.221962"]]
[ActiveJob] Enqueued MailingListSignupJob (Job ID: baa65899-2053-4f00-9c2a-c8adb9b2bd3a) to SuckerPunch(default) with arguments: gid://rails-signup-download/User/1
  [1m[35m (0.9ms)[0m  commit transaction
  [1m[36m (0.0ms)[0m  [1mbegin transaction[0m
  [1m[35m (0.0ms)[0m  commit transaction
Terminating 3 actors...
Terminating task: type=:call, meta={:method_name=>:perform}, status=:callwait
	Celluloid::TaskFiber backtrace unavailable. Please try `Celluloid.task_class = Celluloid::TaskThread` if you need backtraces here.
Celluloid::PoolManager: async call `perform` aborted!
Celluloid::Task::TerminatedError: task was terminated
	/Users/stroppad/.rbenv/versions/2.2.2/lib/ruby/gems/2.2.0/gems/celluloid-0.16.0/lib/celluloid/tasks/task_fiber.rb:34:in `terminate'
	/Users/stroppad/.rbenv/versions/2.2.2/lib/ruby/gems/2.2.0/gems/celluloid-0.16.0/lib/celluloid/actor.rb:345:in `each'
	/Users/stroppad/.rbenv/versions/2.2.2/lib/ruby/gems/2.2.0/gems/celluloid-0.16.0/lib/celluloid/actor.rb:345:in `cleanup'
	/Users/stroppad/.rbenv/versions/2.2.2/lib/ruby/gems/2.2.0/gems/celluloid-0.16.0/lib/celluloid/actor.rb:329:in `shutdown'
	/Users/stroppad/.rbenv/versions/2.2.2/lib/ruby/gems/2.2.0/gems/celluloid-0.16.0/lib/celluloid/actor.rb:164:in `run'
	/Users/stroppad/.rbenv/versions/2.2.2/lib/ruby/gems/2.2.0/gems/celluloid-0.16.0/lib/celluloid/actor.rb:130:in `block in start'
	/Users/stroppad/.rbenv/versions/2.2.2/lib/ruby/gems/2.2.0/gems/celluloid-0.16.0/lib/celluloid/thread_handle.rb:13:in `block in initialize'
	/Users/stroppad/.rbenv/versions/2.2.2/lib/ruby/gems/2.2.0/gems/celluloid-0.16.0/lib/celluloid/actor_system.rb:32:in `block in get_thread'
	/Users/stroppad/.rbenv/versions/2.2.2/lib/ruby/gems/2.2.0/gems/celluloid-0.16.0/lib/celluloid/internal_pool.rb:130:in `call'
	/Users/stroppad/.rbenv/versions/2.2.2/lib/ruby/gems/2.2.0/gems/celluloid-0.16.0/lib/celluloid/internal_pool.rb:130:in `block in create'
  [1m[36mUser Load (0.6ms)[0m  [1mSELECT  "users".* FROM "users" WHERE "users"."id" = ? LIMIT 1[0m  [["id", 1]]
Terminating task: type=:finalizer, meta={:method_name=>:__shutdown__}, status=:receiving
	Celluloid::TaskFiber backtrace unavailable. Please try `Celluloid.task_class = Celluloid::TaskThread` if you need backtraces here.
[ActiveJob] [MailingListSignupJob] [baa65899-2053-4f00-9c2a-c8adb9b2bd3a] Performing MailingListSignupJob from SuckerPunch(default) with arguments: gid://rails-signup-download/User/1
[ActiveJob] [MailingListSignupJob] [baa65899-2053-4f00-9c2a-c8adb9b2bd3a] signing up user@example.com
[ActiveJob] [MailingListSignupJob] [baa65899-2053-4f00-9c2a-c8adb9b2bd3a] Performed MailingListSignupJob from SuckerPunch(default) in 1.2ms
Actor crashed!
NameError: uninitialized constant Gibbon::API
	/Users/stroppad/Documents/amazon/src/dvo305-demo/rails-signup-download/app/models/user.rb:20:in `subscribe'
	/Users/stroppad/Documents/amazon/src/dvo305-demo/rails-signup-download/app/jobs/mailing_list_signup_job.rb:5:in `perform'
	/Users/stroppad/.rbenv/versions/2.2.2/lib/ruby/gems/2.2.0/gems/activejob-4.2.1/lib/active_job/execution.rb:32:in `block in perform_now'
	/Users/stroppad/.rbenv/versions/2.2.2/lib/ruby/gems/2.2.0/gems/activesupport-4.2.1/lib/active_support/callbacks.rb:117:in `call'
	/Users/stroppad/.rbenv/versions/2.2.2/lib/ruby/gems/2.2.0/gems/activesupport-4.2.1/lib/active_support/callbacks.rb:117:in `call'
	/Users/stroppad/.rbenv/versions/2.2.2/lib/ruby/gems/2.2.0/gems/activesupport-4.2.1/lib/active_support/callbacks.rb:555:in `block (2 levels) in compile'
	/Users/stroppad/.rbenv/versions/2.2.2/lib/ruby/gems/2.2.0/gems/activesupport-4.2.1/lib/active_support/callbacks.rb:505:in `call'
	/Users/stroppad/.rbenv/versions/2.2.2/lib/ruby/gems/2.2.0/gems/activesupport-4.2.1/lib/active_support/callbacks.rb:505:in `call'
	/Users/stroppad/.rbenv/versions/2.2.2/lib/ruby/gems/2.2.0/gems/activesupport-4.2.1/lib/active_support/callbacks.rb:498:in `block (2 levels) in around'
	/Users/stroppad/.rbenv/versions/2.2.2/lib/ruby/gems/2.2.0/gems/activesupport-4.2.1/lib/active_support/callbacks.rb:343:in `call'
	/Users/stroppad/.rbenv/versions/2.2.2/lib/ruby/gems/2.2.0/gems/activesupport-4.2.1/lib/active_support/callbacks.rb:343:in `block (2 levels) in simple'
	/Users/stroppad/.rbenv/versions/2.2.2/lib/ruby/gems/2.2.0/gems/activejob-4.2.1/lib/active_job/logging.rb:23:in `call'
	/Users/stroppad/.rbenv/versions/2.2.2/lib/ruby/gems/2.2.0/gems/activejob-4.2.1/lib/active_job/logging.rb:23:in `block (4 levels) in <module:Logging>'
	/Users/stroppad/.rbenv/versions/2.2.2/lib/ruby/gems/2.2.0/gems/activesupport-4.2.1/lib/active_support/notifications.rb:164:in `block in instrument'
	/Users/stroppad/.rbenv/versions/2.2.2/lib/ruby/gems/2.2.0/gems/activesupport-4.2.1/lib/active_support/notifications/instrumenter.rb:20:in `instrument'
	/Users/stroppad/.rbenv/versions/2.2.2/lib/ruby/gems/2.2.0/gems/activesupport-4.2.1/lib/active_support/notifications.rb:164:in `instrument'
	/Users/stroppad/.rbenv/versions/2.2.2/lib/ruby/gems/2.2.0/gems/activejob-4.2.1/lib/active_job/logging.rb:22:in `block (3 levels) in <module:Logging>'
	/Users/stroppad/.rbenv/versions/2.2.2/lib/ruby/gems/2.2.0/gems/activejob-4.2.1/lib/active_job/logging.rb:43:in `block in tag_logger'
	/Users/stroppad/.rbenv/versions/2.2.2/lib/ruby/gems/2.2.0/gems/activesupport-4.2.1/lib/active_support/tagged_logging.rb:68:in `block in tagged'
	/Users/stroppad/.rbenv/versions/2.2.2/lib/ruby/gems/2.2.0/gems/activesupport-4.2.1/lib/active_support/tagged_logging.rb:26:in `tagged'
	/Users/stroppad/.rbenv/versions/2.2.2/lib/ruby/gems/2.2.0/gems/activesupport-4.2.1/lib/active_support/tagged_logging.rb:68:in `tagged'
	/Users/stroppad/.rbenv/versions/2.2.2/lib/ruby/gems/2.2.0/gems/activejob-4.2.1/lib/active_job/logging.rb:43:in `tag_logger'
	/Users/stroppad/.rbenv/versions/2.2.2/lib/ruby/gems/2.2.0/gems/activejob-4.2.1/lib/active_job/logging.rb:19:in `block (2 levels) in <module:Logging>'
	/Users/stroppad/.rbenv/versions/2.2.2/lib/ruby/gems/2.2.0/gems/activesupport-4.2.1/lib/active_support/callbacks.rb:441:in `instance_exec'
	/Users/stroppad/.rbenv/versions/2.2.2/lib/ruby/gems/2.2.0/gems/activesupport-4.2.1/lib/active_support/callbacks.rb:441:in `block in make_lambda'
	/Users/stroppad/.rbenv/versions/2.2.2/lib/ruby/gems/2.2.0/gems/activesupport-4.2.1/lib/active_support/callbacks.rb:342:in `call'
	/Users/stroppad/.rbenv/versions/2.2.2/lib/ruby/gems/2.2.0/gems/activesupport-4.2.1/lib/active_support/callbacks.rb:342:in `block in simple'
	/Users/stroppad/.rbenv/versions/2.2.2/lib/ruby/gems/2.2.0/gems/activesupport-4.2.1/lib/active_support/callbacks.rb:497:in `call'
	/Users/stroppad/.rbenv/versions/2.2.2/lib/ruby/gems/2.2.0/gems/activesupport-4.2.1/lib/active_support/callbacks.rb:497:in `block in around'
	/Users/stroppad/.rbenv/versions/2.2.2/lib/ruby/gems/2.2.0/gems/activesupport-4.2.1/lib/active_support/callbacks.rb:505:in `call'
	/Users/stroppad/.rbenv/versions/2.2.2/lib/ruby/gems/2.2.0/gems/activesupport-4.2.1/lib/active_support/callbacks.rb:505:in `call'
	/Users/stroppad/.rbenv/versions/2.2.2/lib/ruby/gems/2.2.0/gems/activesupport-4.2.1/lib/active_support/callbacks.rb:92:in `_run_callbacks'
	/Users/stroppad/.rbenv/versions/2.2.2/lib/ruby/gems/2.2.0/gems/activesupport-4.2.1/lib/active_support/callbacks.rb:776:in `_run_perform_callbacks'
	/Users/stroppad/.rbenv/versions/2.2.2/lib/ruby/gems/2.2.0/gems/activesupport-4.2.1/lib/active_support/callbacks.rb:81:in `run_callbacks'
	/Users/stroppad/.rbenv/versions/2.2.2/lib/ruby/gems/2.2.0/gems/activejob-4.2.1/lib/active_job/execution.rb:31:in `perform_now'
	/Users/stroppad/.rbenv/versions/2.2.2/lib/ruby/gems/2.2.0/gems/activejob-4.2.1/lib/active_job/execution.rb:21:in `execute'
	/Users/stroppad/.rbenv/versions/2.2.2/lib/ruby/gems/2.2.0/gems/activejob-4.2.1/lib/active_job/queue_adapters/sucker_punch_adapter.rb:35:in `perform'
	/Users/stroppad/.rbenv/versions/2.2.2/lib/ruby/gems/2.2.0/gems/celluloid-0.16.0/lib/celluloid/calls.rb:26:in `public_send'
	/Users/stroppad/.rbenv/versions/2.2.2/lib/ruby/gems/2.2.0/gems/celluloid-0.16.0/lib/celluloid/calls.rb:26:in `dispatch'
	/Users/stroppad/.rbenv/versions/2.2.2/lib/ruby/gems/2.2.0/gems/celluloid-0.16.0/lib/celluloid/calls.rb:63:in `dispatch'
	/Users/stroppad/.rbenv/versions/2.2.2/lib/ruby/gems/2.2.0/gems/celluloid-0.16.0/lib/celluloid/cell.rb:60:in `block in invoke'
	/Users/stroppad/.rbenv/versions/2.2.2/lib/ruby/gems/2.2.0/gems/celluloid-0.16.0/lib/celluloid/cell.rb:71:in `block in task'
	/Users/stroppad/.rbenv/versions/2.2.2/lib/ruby/gems/2.2.0/gems/celluloid-0.16.0/lib/celluloid/actor.rb:357:in `block in task'
	/Users/stroppad/.rbenv/versions/2.2.2/lib/ruby/gems/2.2.0/gems/celluloid-0.16.0/lib/celluloid/tasks.rb:57:in `block in initialize'
	/Users/stroppad/.rbenv/versions/2.2.2/lib/ruby/gems/2.2.0/gems/celluloid-0.16.0/lib/celluloid/tasks/task_fiber.rb:15:in `block in create'


Started GET "/" for ::1 at 2015-08-25 12:11:48 +0100
  [1m[36mActiveRecord::SchemaMigration Load (0.5ms)[0m  [1mSELECT "schema_migrations".* FROM "schema_migrations"[0m
Processing by VisitorsController#index as HTML
  Rendered visitors/index.html.erb within layouts/application (21.4ms)
  Rendered layouts/_navigation_links.html.erb (1.2ms)
  Rendered layouts/_navigation.html.erb (4.5ms)
  Rendered layouts/_messages.html.erb (0.7ms)
Completed 200 OK in 4919ms (Views: 4918.5ms | ActiveRecord: 0.0ms)


Started GET "/users/sign_in" for ::1 at 2015-08-25 12:11:58 +0100
Processing by Devise::SessionsController#new as HTML
  Rendered devise/sessions/new.html.erb within layouts/application (444.5ms)
  Rendered layouts/_navigation_links.html.erb (0.4ms)
  Rendered layouts/_navigation.html.erb (1.9ms)
  Rendered layouts/_messages.html.erb (0.1ms)
Completed 200 OK in 575ms (Views: 554.0ms | ActiveRecord: 0.5ms)


Started POST "/users/sign_in" for ::1 at 2015-08-25 12:12:07 +0100
Processing by Devise::SessionsController#create as HTML
  Parameters: {"utf8"=>"✓", "authenticity_token"=>"7/ZA+YQHPSJYA6gyKKD1YyX5AqQSZnVEJlLvrT6HlfYO+e1anIB2zWa3PslHpG4sASmxhGAC6eSmQo0N9ERRLg==", "user"=>{"email"=>"stroppad@amazon.co.uk", "password"=>"[FILTERED]", "remember_me"=>"0"}, "commit"=>"Sign in"}
  [1m[35mUser Load (0.7ms)[0m  SELECT  "users".* FROM "users" WHERE "users"."email" = ?  ORDER BY "users"."id" ASC LIMIT 1  [["email", "stroppad@amazon.co.uk"]]
Completed 401 Unauthorized in 12ms (ActiveRecord: 0.7ms)
Processing by Devise::SessionsController#new as HTML
  Parameters: {"utf8"=>"✓", "authenticity_token"=>"7/ZA+YQHPSJYA6gyKKD1YyX5AqQSZnVEJlLvrT6HlfYO+e1anIB2zWa3PslHpG4sASmxhGAC6eSmQo0N9ERRLg==", "user"=>{"email"=>"stroppad@amazon.co.uk", "password"=>"[FILTERED]", "remember_me"=>"0"}, "commit"=>"Sign in"}
  Rendered devise/sessions/new.html.erb within layouts/application (2.2ms)
  Rendered layouts/_navigation_links.html.erb (0.2ms)
  Rendered layouts/_navigation.html.erb (1.8ms)
  Rendered layouts/_messages.html.erb (0.1ms)
Completed 200 OK in 200ms (Views: 112.1ms | ActiveRecord: 0.0ms)


Started GET "/users/sign_up" for ::1 at 2015-08-25 12:12:10 +0100
Processing by Devise::RegistrationsController#new as HTML
  Rendered devise/registrations/new.html.erb within layouts/application (4.0ms)
  Rendered layouts/_navigation_links.html.erb (0.4ms)
  Rendered layouts/_navigation.html.erb (2.1ms)
  Rendered layouts/_messages.html.erb (0.1ms)
Completed 200 OK in 150ms (Views: 147.4ms | ActiveRecord: 0.0ms)


Started POST "/users" for ::1 at 2015-08-25 12:12:23 +0100
Processing by Devise::RegistrationsController#create as HTML
  Parameters: {"utf8"=>"✓", "authenticity_token"=>"FFmfvFEgDPK2uv8hqL9g6cD4cXbpgKgSV4rGURVPxHb1VjIfSadHHYgOadrHu/um5CjCVpvkNLLXmqTx34wArg==", "user"=>{"name"=>"Daniele Stroppa", "email"=>"stroppad@amazon.co.uk", "password"=>"[FILTERED]", "password_confirmation"=>"[FILTERED]"}, "commit"=>"Sign up"}
  [1m[36m (0.1ms)[0m  [1mbegin transaction[0m
  [1m[35mUser Exists (0.2ms)[0m  SELECT  1 AS one FROM "users" WHERE "users"."email" = 'stroppad@amazon.co.uk' LIMIT 1
  [1m[36m (0.1ms)[0m  [1mrollback transaction[0m
  Rendered devise/registrations/new.html.erb within layouts/application (3.6ms)
  Rendered layouts/_navigation_links.html.erb (0.5ms)
  Rendered layouts/_navigation.html.erb (2.3ms)
  Rendered layouts/_messages.html.erb (0.1ms)
Completed 200 OK in 295ms (Views: 184.4ms | ActiveRecord: 0.3ms)


Started POST "/users" for ::1 at 2015-08-25 12:13:06 +0100
Processing by Devise::RegistrationsController#create as HTML
  Parameters: {"utf8"=>"✓", "authenticity_token"=>"pY2BVY4qFCCa09HlmQjekIHr6o2816AY7zdNYodnLFVEgiz2lq1fz6RnRx72DEXfpTtZrc6zPLhvJy/CTaTojQ==", "user"=>{"name"=>"Daniele Stroppa", "email"=>"stroppad@amazon.co.uk", "password"=>"[FILTERED]", "password_confirmation"=>"[FILTERED]"}, "commit"=>"Sign up"}
  [1m[35m (0.1ms)[0m  begin transaction
  [1m[36mUser Exists (0.2ms)[0m  [1mSELECT  1 AS one FROM "users" WHERE "users"."email" = 'stroppad@amazon.co.uk' LIMIT 1[0m
  [1m[35mSQL (1.6ms)[0m  INSERT INTO "users" ("email", "encrypted_password", "name", "role", "created_at", "updated_at") VALUES (?, ?, ?, ?, ?, ?)  [["email", "stroppad@amazon.co.uk"], ["encrypted_password", "$2a$10$/Oh3l/sBFwSFF4g0oJ2F4eJRdOX9H5Ul65/S/IYrljc5NNaXXzOA."], ["name", "Daniele Stroppa"], ["role", 0], ["created_at", "2015-08-25 11:13:06.575136"], ["updated_at", "2015-08-25 11:13:06.575136"]]
[ActiveJob] Enqueued MailingListSignupJob (Job ID: e2ca3ca9-5135-43d1-9a5e-b84bf6e14bfb) to SuckerPunch(default) with arguments: gid://rails-signup-download/User/2
  [1m[36m (0.9ms)[0m  [1mcommit transaction[0m
  [1m[35m (0.1ms)[0m  begin transaction
  [1m[36mSQL (0.4ms)[0m  [1mUPDATE "users" SET "last_sign_in_at" = ?, "current_sign_in_at" = ?, "last_sign_in_ip" = ?, "current_sign_in_ip" = ?, "sign_in_count" = ?, "updated_at" = ? WHERE "users"."id" = ?[0m  [["last_sign_in_at", "2015-08-25 11:13:06.587333"], ["current_sign_in_at", "2015-08-25 11:13:06.587333"], ["last_sign_in_ip", "::1"], ["current_sign_in_ip", "::1"], ["sign_in_count", 1], ["updated_at", "2015-08-25 11:13:06.589297"], ["id", 2]]
  [1m[35m (0.8ms)[0m  commit transaction
  [1m[36mUser Load (0.5ms)[0m  [1mSELECT  "users".* FROM "users" WHERE "users"."id" = ? LIMIT 1[0m  [["id", 2]]
Redirected to http://localhost:3000/
[ActiveJob] [MailingListSignupJob] [e2ca3ca9-5135-43d1-9a5e-b84bf6e14bfb] Performing MailingListSignupJob from SuckerPunch(default) with arguments: gid://rails-signup-download/User/2
Completed 302 Found in 112ms (ActiveRecord: 4.0ms)
[ActiveJob] [MailingListSignupJob] [e2ca3ca9-5135-43d1-9a5e-b84bf6e14bfb] signing up stroppad@amazon.co.uk
[ActiveJob] [MailingListSignupJob] [e2ca3ca9-5135-43d1-9a5e-b84bf6e14bfb] Performed MailingListSignupJob from SuckerPunch(default) in 2.87ms

Actor crashed!
NameError: uninitialized constant Gibbon::API
	/Users/stroppad/Documents/amazon/src/dvo305-demo/rails-signup-download/app/models/user.rb:20:in `subscribe'
	/Users/stroppad/Documents/amazon/src/dvo305-demo/rails-signup-download/app/jobs/mailing_list_signup_job.rb:5:in `perform'
	/Users/stroppad/.rbenv/versions/2.2.2/lib/ruby/gems/2.2.0/gems/activejob-4.2.1/lib/active_job/execution.rb:32:in `block in perform_now'
	/Users/stroppad/.rbenv/versions/2.2.2/lib/ruby/gems/2.2.0/gems/activesupport-4.2.1/lib/active_support/callbacks.rb:117:in `call'
	/Users/stroppad/.rbenv/versions/2.2.2/lib/ruby/gems/2.2.0/gems/activesupport-4.2.1/lib/active_support/callbacks.rb:117:in `call'
	/Users/stroppad/.rbenv/versions/2.2.2/lib/ruby/gems/2.2.0/gems/activesupport-4.2.1/lib/active_support/callbacks.rb:555:in `block (2 levels) in compile'
	/Users/stroppad/.rbenv/versions/2.2.2/lib/ruby/gems/2.2.0/gems/activesupport-4.2.1/lib/active_support/callbacks.rb:505:in `call'
	/Users/stroppad/.rbenv/versions/2.2.2/lib/ruby/gems/2.2.0/gems/activesupport-4.2.1/lib/active_support/callbacks.rb:505:in `call'
	/Users/stroppad/.rbenv/versions/2.2.2/lib/ruby/gems/2.2.0/gems/activesupport-4.2.1/lib/active_support/callbacks.rb:498:in `block (2 levels) in around'
	/Users/stroppad/.rbenv/versions/2.2.2/lib/ruby/gems/2.2.0/gems/activesupport-4.2.1/lib/active_support/callbacks.rb:343:in `call'
	/Users/stroppad/.rbenv/versions/2.2.2/lib/ruby/gems/2.2.0/gems/activesupport-4.2.1/lib/active_support/callbacks.rb:343:in `block (2 levels) in simple'
	/Users/stroppad/.rbenv/versions/2.2.2/lib/ruby/gems/2.2.0/gems/activejob-4.2.1/lib/active_job/logging.rb:23:in `call'
	/Users/stroppad/.rbenv/versions/2.2.2/lib/ruby/gems/2.2.0/gems/activejob-4.2.1/lib/active_job/logging.rb:23:in `block (4 levels) in <module:Logging>'
	/Users/stroppad/.rbenv/versions/2.2.2/lib/ruby/gems/2.2.0/gems/activesupport-4.2.1/lib/active_support/notifications.rb:164:in `block in instrument'
	/Users/stroppad/.rbenv/versions/2.2.2/lib/ruby/gems/2.2.0/gems/activesupport-4.2.1/lib/active_support/notifications/instrumenter.rb:20:in `instrument'
	/Users/stroppad/.rbenv/versions/2.2.2/lib/ruby/gems/2.2.0/gems/activesupport-4.2.1/lib/active_support/notifications.rb:164:in `instrument'
	/Users/stroppad/.rbenv/versions/2.2.2/lib/ruby/gems/2.2.0/gems/activejob-4.2.1/lib/active_job/logging.rb:22:in `block (3 levels) in <module:Logging>'
	/Users/stroppad/.rbenv/versions/2.2.2/lib/ruby/gems/2.2.0/gems/activejob-4.2.1/lib/active_job/logging.rb:43:in `block in tag_logger'
	/Users/stroppad/.rbenv/versions/2.2.2/lib/ruby/gems/2.2.0/gems/activesupport-4.2.1/lib/active_support/tagged_logging.rb:68:in `block in tagged'
	/Users/stroppad/.rbenv/versions/2.2.2/lib/ruby/gems/2.2.0/gems/activesupport-4.2.1/lib/active_support/tagged_logging.rb:26:in `tagged'
	/Users/stroppad/.rbenv/versions/2.2.2/lib/ruby/gems/2.2.0/gems/activesupport-4.2.1/lib/active_support/tagged_logging.rb:68:in `tagged'
	/Users/stroppad/.rbenv/versions/2.2.2/lib/ruby/gems/2.2.0/gems/activejob-4.2.1/lib/active_job/logging.rb:43:in `tag_logger'
	/Users/stroppad/.rbenv/versions/2.2.2/lib/ruby/gems/2.2.0/gems/activejob-4.2.1/lib/active_job/logging.rb:19:in `block (2 levels) in <module:Logging>'
	/Users/stroppad/.rbenv/versions/2.2.2/lib/ruby/gems/2.2.0/gems/activesupport-4.2.1/lib/active_support/callbacks.rb:441:in `instance_exec'
	/Users/stroppad/.rbenv/versions/2.2.2/lib/ruby/gems/2.2.0/gems/activesupport-4.2.1/lib/active_support/callbacks.rb:441:in `block in make_lambda'
	/Users/stroppad/.rbenv/versions/2.2.2/lib/ruby/gems/2.2.0/gems/activesupport-4.2.1/lib/active_support/callbacks.rb:342:in `call'
	/Users/stroppad/.rbenv/versions/2.2.2/lib/ruby/gems/2.2.0/gems/activesupport-4.2.1/lib/active_support/callbacks.rb:342:in `block in simple'
	/Users/stroppad/.rbenv/versions/2.2.2/lib/ruby/gems/2.2.0/gems/activesupport-4.2.1/lib/active_support/callbacks.rb:497:in `call'
	/Users/stroppad/.rbenv/versions/2.2.2/lib/ruby/gems/2.2.0/gems/activesupport-4.2.1/lib/active_support/callbacks.rb:497:in `block in around'
	/Users/stroppad/.rbenv/versions/2.2.2/lib/ruby/gems/2.2.0/gems/activesupport-4.2.1/lib/active_support/callbacks.rb:505:in `call'
	/Users/stroppad/.rbenv/versions/2.2.2/lib/ruby/gems/2.2.0/gems/activesupport-4.2.1/lib/active_support/callbacks.rb:505:in `call'
	/Users/stroppad/.rbenv/versions/2.2.2/lib/ruby/gems/2.2.0/gems/activesupport-4.2.1/lib/active_support/callbacks.rb:92:in `_run_callbacks'
	/Users/stroppad/.rbenv/versions/2.2.2/lib/ruby/gems/2.2.0/gems/activesupport-4.2.1/lib/active_support/callbacks.rb:776:in `_run_perform_callbacks'
	/Users/stroppad/.rbenv/versions/2.2.2/lib/ruby/gems/2.2.0/gems/activesupport-4.2.1/lib/active_support/callbacks.rb:81:in `run_callbacks'
	/Users/stroppad/.rbenv/versions/2.2.2/lib/ruby/gems/2.2.0/gems/activejob-4.2.1/lib/active_job/execution.rb:31:in `perform_now'
	/Users/stroppad/.rbenv/versions/2.2.2/lib/ruby/gems/2.2.0/gems/activejob-4.2.1/lib/active_job/execution.rb:21:in `execute'
	/Users/stroppad/.rbenv/versions/2.2.2/lib/ruby/gems/2.2.0/gems/activejob-4.2.1/lib/active_job/queue_adapters/sucker_punch_adapter.rb:35:in `perform'
	/Users/stroppad/.rbenv/versions/2.2.2/lib/ruby/gems/2.2.0/gems/celluloid-0.16.0/lib/celluloid/calls.rb:26:in `public_send'
	/Users/stroppad/.rbenv/versions/2.2.2/lib/ruby/gems/2.2.0/gems/celluloid-0.16.0/lib/celluloid/calls.rb:26:in `dispatch'
	/Users/stroppad/.rbenv/versions/2.2.2/lib/ruby/gems/2.2.0/gems/celluloid-0.16.0/lib/celluloid/calls.rb:63:in `dispatch'
	/Users/stroppad/.rbenv/versions/2.2.2/lib/ruby/gems/2.2.0/gems/celluloid-0.16.0/lib/celluloid/cell.rb:60:in `block in invoke'
	/Users/stroppad/.rbenv/versions/2.2.2/lib/ruby/gems/2.2.0/gems/celluloid-0.16.0/lib/celluloid/cell.rb:71:in `block in task'
	/Users/stroppad/.rbenv/versions/2.2.2/lib/ruby/gems/2.2.0/gems/celluloid-0.16.0/lib/celluloid/actor.rb:357:in `block in task'
	/Users/stroppad/.rbenv/versions/2.2.2/lib/ruby/gems/2.2.0/gems/celluloid-0.16.0/lib/celluloid/tasks.rb:57:in `block in initialize'
	/Users/stroppad/.rbenv/versions/2.2.2/lib/ruby/gems/2.2.0/gems/celluloid-0.16.0/lib/celluloid/tasks/task_fiber.rb:15:in `block in create'

Celluloid::PoolManager: async call `perform` aborted!
NameError: uninitialized constant Gibbon::API
	/Users/stroppad/Documents/amazon/src/dvo305-demo/rails-signup-download/app/models/user.rb:20:in `subscribe'
	/Users/stroppad/Documents/amazon/src/dvo305-demo/rails-signup-download/app/jobs/mailing_list_signup_job.rb:5:in `perform'
	/Users/stroppad/.rbenv/versions/2.2.2/lib/ruby/gems/2.2.0/gems/activejob-4.2.1/lib/active_job/execution.rb:32:in `block in perform_now'
	/Users/stroppad/.rbenv/versions/2.2.2/lib/ruby/gems/2.2.0/gems/activesupport-4.2.1/lib/active_support/callbacks.rb:117:in `call'
	/Users/stroppad/.rbenv/versions/2.2.2/lib/ruby/gems/2.2.0/gems/activesupport-4.2.1/lib/active_support/callbacks.rb:117:in `call'
	/Users/stroppad/.rbenv/versions/2.2.2/lib/ruby/gems/2.2.0/gems/activesupport-4.2.1/lib/active_support/callbacks.rb:555:in `block (2 levels) in compile'
	/Users/stroppad/.rbenv/versions/2.2.2/lib/ruby/gems/2.2.0/gems/activesupport-4.2.1/lib/active_support/callbacks.rb:505:in `call'
	/Users/stroppad/.rbenv/versions/2.2.2/lib/ruby/gems/2.2.0/gems/activesupport-4.2.1/lib/active_support/callbacks.rb:505:in `call'
	/Users/stroppad/.rbenv/versions/2.2.2/lib/ruby/gems/2.2.0/gems/activesupport-4.2.1/lib/active_support/callbacks.rb:498:in `block (2 levels) in around'
	/Users/stroppad/.rbenv/versions/2.2.2/lib/ruby/gems/2.2.0/gems/activesupport-4.2.1/lib/active_support/callbacks.rb:343:in `call'
	/Users/stroppad/.rbenv/versions/2.2.2/lib/ruby/gems/2.2.0/gems/activesupport-4.2.1/lib/active_support/callbacks.rb:343:in `block (2 levels) in simple'
	/Users/stroppad/.rbenv/versions/2.2.2/lib/ruby/gems/2.2.0/gems/activejob-4.2.1/lib/active_job/logging.rb:23:in `call'
	/Users/stroppad/.rbenv/versions/2.2.2/lib/ruby/gems/2.2.0/gems/activejob-4.2.1/lib/active_job/logging.rb:23:in `block (4 levels) in <module:Logging>'
	/Users/stroppad/.rbenv/versions/2.2.2/lib/ruby/gems/2.2.0/gems/activesupport-4.2.1/lib/active_support/notifications.rb:164:in `block in instrument'
	/Users/stroppad/.rbenv/versions/2.2.2/lib/ruby/gems/2.2.0/gems/activesupport-4.2.1/lib/active_support/notifications/instrumenter.rb:20:in `instrument'
	/Users/stroppad/.rbenv/versions/2.2.2/lib/ruby/gems/2.2.0/gems/activesupport-4.2.1/lib/active_support/notifications.rb:164:in `instrument'
	/Users/stroppad/.rbenv/versions/2.2.2/lib/ruby/gems/2.2.0/gems/activejob-4.2.1/lib/active_job/logging.rb:22:in `block (3 levels) in <module:Logging>'
	/Users/stroppad/.rbenv/versions/2.2.2/lib/ruby/gems/2.2.0/gems/activejob-4.2.1/lib/active_job/logging.rb:43:in `block in tag_logger'
	/Users/stroppad/.rbenv/versions/2.2.2/lib/ruby/gems/2.2.0/gems/activesupport-4.2.1/lib/active_support/tagged_logging.rb:68:in `block in tagged'
	/Users/stroppad/.rbenv/versions/2.2.2/lib/ruby/gems/2.2.0/gems/activesupport-4.2.1/lib/active_support/tagged_logging.rb:26:in `tagged'
	/Users/stroppad/.rbenv/versions/2.2.2/lib/ruby/gems/2.2.0/gems/activesupport-4.2.1/lib/active_support/tagged_logging.rb:68:in `tagged'
	/Users/stroppad/.rbenv/versions/2.2.2/lib/ruby/gems/2.2.0/gems/activejob-4.2.1/lib/active_job/logging.rb:43:in `tag_logger'
	/Users/stroppad/.rbenv/versions/2.2.2/lib/ruby/gems/2.2.0/gems/activejob-4.2.1/lib/active_job/logging.rb:19:in `block (2 levels) in <module:Logging>'
	/Users/stroppad/.rbenv/versions/2.2.2/lib/ruby/gems/2.2.0/gems/activesupport-4.2.1/lib/active_support/callbacks.rb:441:in `instance_exec'
	/Users/stroppad/.rbenv/versions/2.2.2/lib/ruby/gems/2.2.0/gems/activesupport-4.2.1/lib/active_support/callbacks.rb:441:in `block in make_lambda'
	/Users/stroppad/.rbenv/versions/2.2.2/lib/ruby/gems/2.2.0/gems/activesupport-4.2.1/lib/active_support/callbacks.rb:342:in `call'
	/Users/stroppad/.rbenv/versions/2.2.2/lib/ruby/gems/2.2.0/gems/activesupport-4.2.1/lib/active_support/callbacks.rb:342:in `block in simple'
	/Users/stroppad/.rbenv/versions/2.2.2/lib/ruby/gems/2.2.0/gems/activesupport-4.2.1/lib/active_support/callbacks.rb:497:in `call'
	/Users/stroppad/.rbenv/versions/2.2.2/lib/ruby/gems/2.2.0/gems/activesupport-4.2.1/lib/active_support/callbacks.rb:497:in `block in around'
	/Users/stroppad/.rbenv/versions/2.2.2/lib/ruby/gems/2.2.0/gems/activesupport-4.2.1/lib/active_support/callbacks.rb:505:in `call'
	/Users/stroppad/.rbenv/versions/2.2.2/lib/ruby/gems/2.2.0/gems/activesupport-4.2.1/lib/active_support/callbacks.rb:505:in `call'
	/Users/stroppad/.rbenv/versions/2.2.2/lib/ruby/gems/2.2.0/gems/activesupport-4.2.1/lib/active_support/callbacks.rb:92:in `_run_callbacks'
	/Users/stroppad/.rbenv/versions/2.2.2/lib/ruby/gems/2.2.0/gems/activesupport-4.2.1/lib/active_support/callbacks.rb:776:in `_run_perform_callbacks'
	/Users/stroppad/.rbenv/versions/2.2.2/lib/ruby/gems/2.2.0/gems/activesupport-4.2.1/lib/active_support/callbacks.rb:81:in `run_callbacks'
	/Users/stroppad/.rbenv/versions/2.2.2/lib/ruby/gems/2.2.0/gems/activejob-4.2.1/lib/active_job/execution.rb:31:in `perform_now'
	/Users/stroppad/.rbenv/versions/2.2.2/lib/ruby/gems/2.2.0/gems/activejob-4.2.1/lib/active_job/execution.rb:21:in `execute'
	/Users/stroppad/.rbenv/versions/2.2.2/lib/ruby/gems/2.2.0/gems/activejob-4.2.1/lib/active_job/queue_adapters/sucker_punch_adapter.rb:35:in `perform'
	/Users/stroppad/.rbenv/versions/2.2.2/lib/ruby/gems/2.2.0/gems/celluloid-0.16.0/lib/celluloid/calls.rb:26:in `public_send'
	/Users/stroppad/.rbenv/versions/2.2.2/lib/ruby/gems/2.2.0/gems/celluloid-0.16.0/lib/celluloid/calls.rb:26:in `dispatch'
	/Users/stroppad/.rbenv/versions/2.2.2/lib/ruby/gems/2.2.0/gems/celluloid-0.16.0/lib/celluloid/calls.rb:63:in `dispatch'
	/Users/stroppad/.rbenv/versions/2.2.2/lib/ruby/gems/2.2.0/gems/celluloid-0.16.0/lib/celluloid/cell.rb:60:in `block in invoke'
	/Users/stroppad/.rbenv/versions/2.2.2/lib/ruby/gems/2.2.0/gems/celluloid-0.16.0/lib/celluloid/cell.rb:71:in `block in task'
	/Users/stroppad/.rbenv/versions/2.2.2/lib/ruby/gems/2.2.0/gems/celluloid-0.16.0/lib/celluloid/actor.rb:357:in `block in task'
	/Users/stroppad/.rbenv/versions/2.2.2/lib/ruby/gems/2.2.0/gems/celluloid-0.16.0/lib/celluloid/tasks.rb:57:in `block in initialize'
	/Users/stroppad/.rbenv/versions/2.2.2/lib/ruby/gems/2.2.0/gems/celluloid-0.16.0/lib/celluloid/tasks/task_fiber.rb:15:in `block in create'
	(celluloid):0:in `remote procedure call'
	/Users/stroppad/.rbenv/versions/2.2.2/lib/ruby/gems/2.2.0/gems/celluloid-0.16.0/lib/celluloid/calls.rb:92:in `value'
	/Users/stroppad/.rbenv/versions/2.2.2/lib/ruby/gems/2.2.0/gems/celluloid-0.16.0/lib/celluloid/proxies/sync_proxy.rb:33:in `method_missing'
	/Users/stroppad/.rbenv/versions/2.2.2/lib/ruby/gems/2.2.0/gems/celluloid-0.16.0/lib/celluloid/proxies/cell_proxy.rb:17:in `_send_'
	/Users/stroppad/.rbenv/versions/2.2.2/lib/ruby/gems/2.2.0/gems/celluloid-0.16.0/lib/celluloid/pool_manager.rb:41:in `_send_'
	/Users/stroppad/.rbenv/versions/2.2.2/lib/ruby/gems/2.2.0/gems/celluloid-0.16.0/lib/celluloid/pool_manager.rb:140:in `method_missing'
	/Users/stroppad/.rbenv/versions/2.2.2/lib/ruby/gems/2.2.0/gems/celluloid-0.16.0/lib/celluloid/calls.rb:26:in `public_send'
	/Users/stroppad/.rbenv/versions/2.2.2/lib/ruby/gems/2.2.0/gems/celluloid-0.16.0/lib/celluloid/calls.rb:26:in `dispatch'
	/Users/stroppad/.rbenv/versions/2.2.2/lib/ruby/gems/2.2.0/gems/celluloid-0.16.0/lib/celluloid/calls.rb:122:in `dispatch'
	/Users/stroppad/.rbenv/versions/2.2.2/lib/ruby/gems/2.2.0/gems/celluloid-0.16.0/lib/celluloid/cell.rb:60:in `block in invoke'
	/Users/stroppad/.rbenv/versions/2.2.2/lib/ruby/gems/2.2.0/gems/celluloid-0.16.0/lib/celluloid/cell.rb:71:in `block in task'
	/Users/stroppad/.rbenv/versions/2.2.2/lib/ruby/gems/2.2.0/gems/celluloid-0.16.0/lib/celluloid/actor.rb:357:in `block in task'
	/Users/stroppad/.rbenv/versions/2.2.2/lib/ruby/gems/2.2.0/gems/celluloid-0.16.0/lib/celluloid/tasks.rb:57:in `block in initialize'
	/Users/stroppad/.rbenv/versions/2.2.2/lib/ruby/gems/2.2.0/gems/celluloid-0.16.0/lib/celluloid/tasks/task_fiber.rb:15:in `block in create'
Started GET "/" for ::1 at 2015-08-25 12:13:06 +0100
Processing by VisitorsController#index as HTML
  [1m[35mUser Load (0.2ms)[0m  SELECT  "users".* FROM "users" WHERE "users"."id" = ?  ORDER BY "users"."id" ASC LIMIT 1  [["id", 2]]
  Rendered visitors/index.html.erb within layouts/application (1.7ms)
  Rendered layouts/_navigation_links.html.erb (0.3ms)
  Rendered layouts/_navigation.html.erb (2.2ms)
  Rendered layouts/_messages.html.erb (0.2ms)
Completed 200 OK in 130ms (Views: 129.4ms | ActiveRecord: 0.2ms)


Started GET "/products/awsgsgintro.pdf" for ::1 at 2015-08-25 12:13:09 +0100
Processing by ProductsController#show as PDF
  Parameters: {"id"=>"awsgsgintro"}
  [1m[36mUser Load (0.2ms)[0m  [1mSELECT  "users".* FROM "users" WHERE "users"."id" = ?  ORDER BY "users"."id" ASC LIMIT 1[0m  [["id", 2]]
Sent file app/views/products/awsgsgintro.pdf (0.2ms)
Completed 200 OK in 3ms (ActiveRecord: 0.2ms)


Started DELETE "/users/sign_out" for ::1 at 2015-08-25 12:13:15 +0100
Processing by Devise::SessionsController#destroy as HTML
  Parameters: {"authenticity_token"=>"td4CxyQk5NG/ZkfEI/6J5OaJtWEJCcbPcroe1dG54gFU0a9kPKOvPoHS0T9M+hKrwlkGQXttWm/yqnx1G3om2Q=="}
  [1m[35mUser Load (0.1ms)[0m  SELECT  "users".* FROM "users" WHERE "users"."id" = ?  ORDER BY "users"."id" ASC LIMIT 1  [["id", 2]]
  [1m[36m (0.1ms)[0m  [1mbegin transaction[0m
  [1m[35m (0.1ms)[0m  commit transaction
Redirected to http://localhost:3000/
Completed 302 Found in 7ms (ActiveRecord: 0.3ms)


Started GET "/" for ::1 at 2015-08-25 12:13:15 +0100
Processing by VisitorsController#index as HTML
  Rendered visitors/index.html.erb within layouts/application (0.8ms)
  Rendered layouts/_navigation_links.html.erb (0.4ms)
  Rendered layouts/_navigation.html.erb (3.6ms)
  Rendered layouts/_messages.html.erb (0.2ms)
Completed 200 OK in 140ms (Views: 139.6ms | ActiveRecord: 0.0ms)


Started GET "/" for ::1 at 2015-08-25 12:13:24 +0100
Processing by VisitorsController#index as HTML
  Rendered visitors/index.html.erb within layouts/application (0.9ms)
  Rendered layouts/_navigation_links.html.erb (0.4ms)
  Rendered layouts/_navigation.html.erb (5.0ms)
  Rendered layouts/_messages.html.erb (0.1ms)
Completed 200 OK in 178ms (Views: 178.2ms | ActiveRecord: 0.0ms)
Terminating 3 actors...
Terminating task: type=:finalizer, meta={:method_name=>:__shutdown__}, status=:receiving
	Celluloid::TaskFiber backtrace unavailable. Please try `Celluloid.task_class = Celluloid::TaskThread` if you need backtraces here.
  [1m[36m (1.4ms)[0m  [1mCREATE TABLE "users" ("id" INTEGER PRIMARY KEY AUTOINCREMENT NOT NULL, "email" varchar DEFAULT '' NOT NULL, "encrypted_password" varchar DEFAULT '' NOT NULL, "reset_password_token" varchar, "reset_password_sent_at" datetime, "remember_created_at" datetime, "sign_in_count" integer DEFAULT 0 NOT NULL, "current_sign_in_at" datetime, "last_sign_in_at" datetime, "current_sign_in_ip" varchar, "last_sign_in_ip" varchar, "created_at" datetime NOT NULL, "updated_at" datetime NOT NULL, "name" varchar, "role" integer) [0m
  [1m[35m (0.1ms)[0m  select sqlite_version(*)
  [1m[36m (1.2ms)[0m  [1mCREATE UNIQUE INDEX "index_users_on_email" ON "users" ("email")[0m
  [1m[35m (0.2ms)[0m              SELECT sql
            FROM sqlite_master
            WHERE name='index_users_on_email' AND type='index'
            UNION ALL
            SELECT sql
            FROM sqlite_temp_master
            WHERE name='index_users_on_email' AND type='index'

  [1m[36m (1.3ms)[0m  [1mCREATE UNIQUE INDEX "index_users_on_reset_password_token" ON "users" ("reset_password_token")[0m
  [1m[35m (1.0ms)[0m  CREATE TABLE "schema_migrations" ("version" varchar NOT NULL) 
  [1m[36m (0.8ms)[0m  [1mCREATE UNIQUE INDEX "unique_schema_migrations" ON "schema_migrations" ("version")[0m
  [1m[35m (0.1ms)[0m  SELECT version FROM "schema_migrations"
  [1m[36m (0.8ms)[0m  [1mINSERT INTO "schema_migrations" (version) VALUES ('20150825105425')[0m
  [1m[35m (0.8ms)[0m  INSERT INTO "schema_migrations" (version) VALUES ('20150825105416')
  [1m[36m (0.7ms)[0m  [1mINSERT INTO "schema_migrations" (version) VALUES ('20150825105419')[0m
  [1m[35m (1.2ms)[0m  CREATE TABLE "users" ("id" INTEGER PRIMARY KEY AUTOINCREMENT NOT NULL, "email" varchar DEFAULT '' NOT NULL, "encrypted_password" varchar DEFAULT '' NOT NULL, "reset_password_token" varchar, "reset_password_sent_at" datetime, "remember_created_at" datetime, "sign_in_count" integer DEFAULT 0 NOT NULL, "current_sign_in_at" datetime, "last_sign_in_at" datetime, "current_sign_in_ip" varchar, "last_sign_in_ip" varchar, "created_at" datetime NOT NULL, "updated_at" datetime NOT NULL, "name" varchar, "role" integer) 
  [1m[36m (0.1ms)[0m  [1mselect sqlite_version(*)[0m
  [1m[35m (1.0ms)[0m  CREATE UNIQUE INDEX "index_users_on_email" ON "users" ("email")
  [1m[36m (0.1ms)[0m  [1m            SELECT sql
            FROM sqlite_master
            WHERE name='index_users_on_email' AND type='index'
            UNION ALL
            SELECT sql
            FROM sqlite_temp_master
            WHERE name='index_users_on_email' AND type='index'
[0m
  [1m[35m (0.9ms)[0m  CREATE UNIQUE INDEX "index_users_on_reset_password_token" ON "users" ("reset_password_token")
  [1m[36m (0.8ms)[0m  [1mCREATE TABLE "schema_migrations" ("version" varchar NOT NULL) [0m
  [1m[35m (0.9ms)[0m  CREATE UNIQUE INDEX "unique_schema_migrations" ON "schema_migrations" ("version")
  [1m[36m (0.2ms)[0m  [1mSELECT version FROM "schema_migrations"[0m
  [1m[35m (0.7ms)[0m  INSERT INTO "schema_migrations" (version) VALUES ('20150825105425')
  [1m[36m (0.8ms)[0m  [1mINSERT INTO "schema_migrations" (version) VALUES ('20150825105416')[0m
  [1m[35m (0.8ms)[0m  INSERT INTO "schema_migrations" (version) VALUES ('20150825105419')
  [1m[36mActiveRecord::SchemaMigration Load (0.1ms)[0m  [1mSELECT "schema_migrations".* FROM "schema_migrations"[0m
  [1m[35mUser Load (0.3ms)[0m  SELECT  "users".* FROM "users" WHERE "users"."email" = ? LIMIT 1  [["email", "stroppad@amazon.com"]]
  [1m[36m (0.1ms)[0m  [1mbegin transaction[0m
  [1m[35mUser Exists (0.2ms)[0m  SELECT  1 AS one FROM "users" WHERE "users"."email" = 'stroppad@amazon.com' LIMIT 1
  [1m[36mSQL (0.4ms)[0m  [1mINSERT INTO "users" ("email", "encrypted_password", "role", "created_at", "updated_at") VALUES (?, ?, ?, ?, ?)[0m  [["email", "stroppad@amazon.com"], ["encrypted_password", "$2a$10$XGwRhPUVmjfuvNJUWnHLUO4PM85HuBxYGNKDG2tDx62sMva73F4p2"], ["role", 2], ["created_at", "2015-08-25 11:14:17.988249"], ["updated_at", "2015-08-25 11:14:17.988249"]]
[ActiveJob] Enqueued MailingListSignupJob (Job ID: fc10e195-effc-4fe1-b173-b541532dc3a4) to SuckerPunch(default) with arguments: gid://rails-signup-download/User/1
  [1m[35m (0.9ms)[0m  commit transaction
  [1m[36m (0.1ms)[0m  [1mbegin transaction[0m
  [1m[35m (0.1ms)[0m  commit transaction
  [1m[36mUser Load (0.6ms)[0m  [1mSELECT  "users".* FROM "users" WHERE "users"."id" = ? LIMIT 1[0m  [["id", 1]]
Terminating 3 actors...
[ActiveJob] [MailingListSignupJob] [fc10e195-effc-4fe1-b173-b541532dc3a4] Performing MailingListSignupJob from SuckerPunch(default) with arguments: gid://rails-signup-download/User/1
Terminating task: type=:call, meta={:method_name=>:perform}, status=:callwait
	Celluloid::TaskFiber backtrace unavailable. Please try `Celluloid.task_class = Celluloid::TaskThread` if you need backtraces here.
[ActiveJob] [MailingListSignupJob] [fc10e195-effc-4fe1-b173-b541532dc3a4] signing up stroppad@amazon.com
Celluloid::PoolManager: async call `perform` aborted!
Celluloid::Task::TerminatedError: task was terminated
	/Users/stroppad/.rbenv/versions/2.2.2/lib/ruby/gems/2.2.0/gems/celluloid-0.16.0/lib/celluloid/tasks/task_fiber.rb:34:in `terminate'
	/Users/stroppad/.rbenv/versions/2.2.2/lib/ruby/gems/2.2.0/gems/celluloid-0.16.0/lib/celluloid/actor.rb:345:in `each'
	/Users/stroppad/.rbenv/versions/2.2.2/lib/ruby/gems/2.2.0/gems/celluloid-0.16.0/lib/celluloid/actor.rb:345:in `cleanup'
	/Users/stroppad/.rbenv/versions/2.2.2/lib/ruby/gems/2.2.0/gems/celluloid-0.16.0/lib/celluloid/actor.rb:329:in `shutdown'
	/Users/stroppad/.rbenv/versions/2.2.2/lib/ruby/gems/2.2.0/gems/celluloid-0.16.0/lib/celluloid/actor.rb:164:in `run'
	/Users/stroppad/.rbenv/versions/2.2.2/lib/ruby/gems/2.2.0/gems/celluloid-0.16.0/lib/celluloid/actor.rb:130:in `block in start'
	/Users/stroppad/.rbenv/versions/2.2.2/lib/ruby/gems/2.2.0/gems/celluloid-0.16.0/lib/celluloid/thread_handle.rb:13:in `block in initialize'
	/Users/stroppad/.rbenv/versions/2.2.2/lib/ruby/gems/2.2.0/gems/celluloid-0.16.0/lib/celluloid/actor_system.rb:32:in `block in get_thread'
	/Users/stroppad/.rbenv/versions/2.2.2/lib/ruby/gems/2.2.0/gems/celluloid-0.16.0/lib/celluloid/internal_pool.rb:130:in `call'
	/Users/stroppad/.rbenv/versions/2.2.2/lib/ruby/gems/2.2.0/gems/celluloid-0.16.0/lib/celluloid/internal_pool.rb:130:in `block in create'
[ActiveJob] [MailingListSignupJob] [fc10e195-effc-4fe1-b173-b541532dc3a4] Performed MailingListSignupJob from SuckerPunch(default) in 1.69ms
Terminating task: type=:finalizer, meta={:method_name=>:__shutdown__}, status=:receiving
	Celluloid::TaskFiber backtrace unavailable. Please try `Celluloid.task_class = Celluloid::TaskThread` if you need backtraces here.
Actor crashed!
NameError: uninitialized constant Gibbon::API
	/Users/stroppad/Documents/amazon/src/dvo305-demo/rails-signup-download/app/models/user.rb:20:in `subscribe'
	/Users/stroppad/Documents/amazon/src/dvo305-demo/rails-signup-download/app/jobs/mailing_list_signup_job.rb:5:in `perform'
	/Users/stroppad/.rbenv/versions/2.2.2/lib/ruby/gems/2.2.0/gems/activejob-4.2.1/lib/active_job/execution.rb:32:in `block in perform_now'
	/Users/stroppad/.rbenv/versions/2.2.2/lib/ruby/gems/2.2.0/gems/activesupport-4.2.1/lib/active_support/callbacks.rb:117:in `call'
	/Users/stroppad/.rbenv/versions/2.2.2/lib/ruby/gems/2.2.0/gems/activesupport-4.2.1/lib/active_support/callbacks.rb:117:in `call'
	/Users/stroppad/.rbenv/versions/2.2.2/lib/ruby/gems/2.2.0/gems/activesupport-4.2.1/lib/active_support/callbacks.rb:555:in `block (2 levels) in compile'
	/Users/stroppad/.rbenv/versions/2.2.2/lib/ruby/gems/2.2.0/gems/activesupport-4.2.1/lib/active_support/callbacks.rb:505:in `call'
	/Users/stroppad/.rbenv/versions/2.2.2/lib/ruby/gems/2.2.0/gems/activesupport-4.2.1/lib/active_support/callbacks.rb:505:in `call'
	/Users/stroppad/.rbenv/versions/2.2.2/lib/ruby/gems/2.2.0/gems/activesupport-4.2.1/lib/active_support/callbacks.rb:498:in `block (2 levels) in around'
	/Users/stroppad/.rbenv/versions/2.2.2/lib/ruby/gems/2.2.0/gems/activesupport-4.2.1/lib/active_support/callbacks.rb:343:in `call'
	/Users/stroppad/.rbenv/versions/2.2.2/lib/ruby/gems/2.2.0/gems/activesupport-4.2.1/lib/active_support/callbacks.rb:343:in `block (2 levels) in simple'
	/Users/stroppad/.rbenv/versions/2.2.2/lib/ruby/gems/2.2.0/gems/activejob-4.2.1/lib/active_job/logging.rb:23:in `call'
	/Users/stroppad/.rbenv/versions/2.2.2/lib/ruby/gems/2.2.0/gems/activejob-4.2.1/lib/active_job/logging.rb:23:in `block (4 levels) in <module:Logging>'
	/Users/stroppad/.rbenv/versions/2.2.2/lib/ruby/gems/2.2.0/gems/activesupport-4.2.1/lib/active_support/notifications.rb:164:in `block in instrument'
	/Users/stroppad/.rbenv/versions/2.2.2/lib/ruby/gems/2.2.0/gems/activesupport-4.2.1/lib/active_support/notifications/instrumenter.rb:20:in `instrument'
	/Users/stroppad/.rbenv/versions/2.2.2/lib/ruby/gems/2.2.0/gems/activesupport-4.2.1/lib/active_support/notifications.rb:164:in `instrument'
	/Users/stroppad/.rbenv/versions/2.2.2/lib/ruby/gems/2.2.0/gems/activejob-4.2.1/lib/active_job/logging.rb:22:in `block (3 levels) in <module:Logging>'
	/Users/stroppad/.rbenv/versions/2.2.2/lib/ruby/gems/2.2.0/gems/activejob-4.2.1/lib/active_job/logging.rb:43:in `block in tag_logger'
	/Users/stroppad/.rbenv/versions/2.2.2/lib/ruby/gems/2.2.0/gems/activesupport-4.2.1/lib/active_support/tagged_logging.rb:68:in `block in tagged'
	/Users/stroppad/.rbenv/versions/2.2.2/lib/ruby/gems/2.2.0/gems/activesupport-4.2.1/lib/active_support/tagged_logging.rb:26:in `tagged'
	/Users/stroppad/.rbenv/versions/2.2.2/lib/ruby/gems/2.2.0/gems/activesupport-4.2.1/lib/active_support/tagged_logging.rb:68:in `tagged'
	/Users/stroppad/.rbenv/versions/2.2.2/lib/ruby/gems/2.2.0/gems/activejob-4.2.1/lib/active_job/logging.rb:43:in `tag_logger'
	/Users/stroppad/.rbenv/versions/2.2.2/lib/ruby/gems/2.2.0/gems/activejob-4.2.1/lib/active_job/logging.rb:19:in `block (2 levels) in <module:Logging>'
	/Users/stroppad/.rbenv/versions/2.2.2/lib/ruby/gems/2.2.0/gems/activesupport-4.2.1/lib/active_support/callbacks.rb:441:in `instance_exec'
	/Users/stroppad/.rbenv/versions/2.2.2/lib/ruby/gems/2.2.0/gems/activesupport-4.2.1/lib/active_support/callbacks.rb:441:in `block in make_lambda'
	/Users/stroppad/.rbenv/versions/2.2.2/lib/ruby/gems/2.2.0/gems/activesupport-4.2.1/lib/active_support/callbacks.rb:342:in `call'
	/Users/stroppad/.rbenv/versions/2.2.2/lib/ruby/gems/2.2.0/gems/activesupport-4.2.1/lib/active_support/callbacks.rb:342:in `block in simple'
	/Users/stroppad/.rbenv/versions/2.2.2/lib/ruby/gems/2.2.0/gems/activesupport-4.2.1/lib/active_support/callbacks.rb:497:in `call'
	/Users/stroppad/.rbenv/versions/2.2.2/lib/ruby/gems/2.2.0/gems/activesupport-4.2.1/lib/active_support/callbacks.rb:497:in `block in around'
	/Users/stroppad/.rbenv/versions/2.2.2/lib/ruby/gems/2.2.0/gems/activesupport-4.2.1/lib/active_support/callbacks.rb:505:in `call'
	/Users/stroppad/.rbenv/versions/2.2.2/lib/ruby/gems/2.2.0/gems/activesupport-4.2.1/lib/active_support/callbacks.rb:505:in `call'
	/Users/stroppad/.rbenv/versions/2.2.2/lib/ruby/gems/2.2.0/gems/activesupport-4.2.1/lib/active_support/callbacks.rb:92:in `_run_callbacks'
	/Users/stroppad/.rbenv/versions/2.2.2/lib/ruby/gems/2.2.0/gems/activesupport-4.2.1/lib/active_support/callbacks.rb:776:in `_run_perform_callbacks'
	/Users/stroppad/.rbenv/versions/2.2.2/lib/ruby/gems/2.2.0/gems/activesupport-4.2.1/lib/active_support/callbacks.rb:81:in `run_callbacks'
	/Users/stroppad/.rbenv/versions/2.2.2/lib/ruby/gems/2.2.0/gems/activejob-4.2.1/lib/active_job/execution.rb:31:in `perform_now'
	/Users/stroppad/.rbenv/versions/2.2.2/lib/ruby/gems/2.2.0/gems/activejob-4.2.1/lib/active_job/execution.rb:21:in `execute'
	/Users/stroppad/.rbenv/versions/2.2.2/lib/ruby/gems/2.2.0/gems/activejob-4.2.1/lib/active_job/queue_adapters/sucker_punch_adapter.rb:35:in `perform'
	/Users/stroppad/.rbenv/versions/2.2.2/lib/ruby/gems/2.2.0/gems/celluloid-0.16.0/lib/celluloid/calls.rb:26:in `public_send'
	/Users/stroppad/.rbenv/versions/2.2.2/lib/ruby/gems/2.2.0/gems/celluloid-0.16.0/lib/celluloid/calls.rb:26:in `dispatch'
	/Users/stroppad/.rbenv/versions/2.2.2/lib/ruby/gems/2.2.0/gems/celluloid-0.16.0/lib/celluloid/calls.rb:63:in `dispatch'
	/Users/stroppad/.rbenv/versions/2.2.2/lib/ruby/gems/2.2.0/gems/celluloid-0.16.0/lib/celluloid/cell.rb:60:in `block in invoke'
	/Users/stroppad/.rbenv/versions/2.2.2/lib/ruby/gems/2.2.0/gems/celluloid-0.16.0/lib/celluloid/cell.rb:71:in `block in task'
	/Users/stroppad/.rbenv/versions/2.2.2/lib/ruby/gems/2.2.0/gems/celluloid-0.16.0/lib/celluloid/actor.rb:357:in `block in task'
	/Users/stroppad/.rbenv/versions/2.2.2/lib/ruby/gems/2.2.0/gems/celluloid-0.16.0/lib/celluloid/tasks.rb:57:in `block in initialize'
	/Users/stroppad/.rbenv/versions/2.2.2/lib/ruby/gems/2.2.0/gems/celluloid-0.16.0/lib/celluloid/tasks/task_fiber.rb:15:in `block in create'


Started GET "/" for ::1 at 2015-08-25 12:14:40 +0100
  [1m[36mActiveRecord::SchemaMigration Load (0.1ms)[0m  [1mSELECT "schema_migrations".* FROM "schema_migrations"[0m
Processing by VisitorsController#index as HTML
  Rendered visitors/index.html.erb within layouts/application (18.4ms)
  Rendered layouts/_navigation_links.html.erb (0.8ms)
  Rendered layouts/_navigation.html.erb (3.4ms)
  Rendered layouts/_messages.html.erb (0.6ms)
Completed 200 OK in 461ms (Views: 460.5ms | ActiveRecord: 0.0ms)


Started GET "/users/sign_in" for ::1 at 2015-08-25 12:14:43 +0100
Processing by Devise::SessionsController#new as HTML
  Rendered devise/sessions/new.html.erb within layouts/application (524.7ms)
  Rendered layouts/_navigation_links.html.erb (0.3ms)
  Rendered layouts/_navigation.html.erb (1.9ms)
  Rendered layouts/_messages.html.erb (0.1ms)
Completed 200 OK in 688ms (Views: 649.3ms | ActiveRecord: 0.6ms)


Started POST "/users/sign_in" for ::1 at 2015-08-25 12:14:50 +0100
Processing by Devise::SessionsController#create as HTML
  Parameters: {"utf8"=>"✓", "authenticity_token"=>"+gS4QtEBtoOjd6u1YnTI0NWp3oF7o1aMBOHCHGdV7XYb9nrpfLCNiQLEFD8dsXGdVu3BaTmcokraJ/a/s9oAUg==", "user"=>{"email"=>"stroppad@amazon.com", "password"=>"[FILTERED]", "remember_me"=>"0"}, "commit"=>"Sign in"}
  [1m[35mUser Load (0.3ms)[0m  SELECT  "users".* FROM "users" WHERE "users"."email" = ?  ORDER BY "users"."id" ASC LIMIT 1  [["email", "stroppad@amazon.com"]]
  [1m[36m (0.1ms)[0m  [1mbegin transaction[0m
  [1m[35mSQL (0.5ms)[0m  UPDATE "users" SET "last_sign_in_at" = ?, "current_sign_in_at" = ?, "last_sign_in_ip" = ?, "current_sign_in_ip" = ?, "sign_in_count" = ?, "updated_at" = ? WHERE "users"."id" = ?  [["last_sign_in_at", "2015-08-25 11:14:50.890999"], ["current_sign_in_at", "2015-08-25 11:14:50.890999"], ["last_sign_in_ip", "::1"], ["current_sign_in_ip", "::1"], ["sign_in_count", 1], ["updated_at", "2015-08-25 11:14:50.891965"], ["id", 1]]
  [1m[36m (0.8ms)[0m  [1mcommit transaction[0m
Redirected to http://localhost:3000/
Completed 302 Found in 137ms (ActiveRecord: 1.6ms)


Started GET "/" for ::1 at 2015-08-25 12:14:50 +0100
Processing by VisitorsController#index as HTML
  [1m[35mUser Load (0.2ms)[0m  SELECT  "users".* FROM "users" WHERE "users"."id" = ?  ORDER BY "users"."id" ASC LIMIT 1  [["id", 1]]
  [1m[36m (0.2ms)[0m  [1mSELECT COUNT(*) FROM "users"[0m
  Rendered visitors/index.html.erb within layouts/application (2.8ms)
  Rendered layouts/_navigation_links.html.erb (0.5ms)
  Rendered layouts/_navigation.html.erb (3.2ms)
  Rendered layouts/_messages.html.erb (0.2ms)
Completed 200 OK in 123ms (Views: 122.6ms | ActiveRecord: 0.4ms)


Started GET "/users" for ::1 at 2015-08-25 12:14:57 +0100
Processing by UsersController#index as HTML
  [1m[35mUser Load (0.1ms)[0m  SELECT  "users".* FROM "users" WHERE "users"."id" = ?  ORDER BY "users"."id" ASC LIMIT 1  [["id", 1]]
  [1m[36mUser Load (0.2ms)[0m  [1mSELECT "users".* FROM "users"[0m
  Rendered users/_user.html.erb (3.9ms)
  Rendered users/index.html.erb within layouts/application (7.4ms)
  Rendered layouts/_navigation_links.html.erb (0.3ms)
  Rendered layouts/_navigation.html.erb (2.0ms)
  Rendered layouts/_messages.html.erb (0.1ms)
Completed 200 OK in 121ms (Views: 118.6ms | ActiveRecord: 0.3ms)


Started GET "/users" for ::1 at 2015-08-25 12:15:03 +0100
Processing by UsersController#index as HTML
  [1m[35mUser Load (0.2ms)[0m  SELECT  "users".* FROM "users" WHERE "users"."id" = ?  ORDER BY "users"."id" ASC LIMIT 1  [["id", 1]]
  [1m[36mUser Load (0.2ms)[0m  [1mSELECT "users".* FROM "users"[0m
  Rendered users/_user.html.erb (0.9ms)
  Rendered users/index.html.erb within layouts/application (3.6ms)
  Rendered layouts/_navigation_links.html.erb (0.3ms)
  Rendered layouts/_navigation.html.erb (2.0ms)
  Rendered layouts/_messages.html.erb (0.1ms)
Completed 200 OK in 121ms (Views: 118.1ms | ActiveRecord: 0.4ms)


Started DELETE "/users/sign_out" for ::1 at 2015-08-25 12:15:06 +0100
Processing by Devise::SessionsController#destroy as HTML
  Parameters: {"authenticity_token"=>"qwhU9QrXLa+6to2mxIP57EKTI4YhRTQBQUBrBdPlhLUUjopcRixux31iTjj4l5vYd5WU3EnZZPQBljFrFPZhYw=="}
  [1m[35mUser Load (0.1ms)[0m  SELECT  "users".* FROM "users" WHERE "users"."id" = ?  ORDER BY "users"."id" ASC LIMIT 1  [["id", 1]]
  [1m[36m (0.1ms)[0m  [1mbegin transaction[0m
  [1m[35m (0.0ms)[0m  commit transaction
Redirected to http://localhost:3000/
Completed 302 Found in 6ms (ActiveRecord: 0.3ms)


Started GET "/" for ::1 at 2015-08-25 12:15:06 +0100
Processing by VisitorsController#index as HTML
  Rendered visitors/index.html.erb within layouts/application (1.2ms)
  Rendered layouts/_navigation_links.html.erb (0.3ms)
  Rendered layouts/_navigation.html.erb (2.3ms)
  Rendered layouts/_messages.html.erb (0.1ms)
Completed 200 OK in 118ms (Views: 117.3ms | ActiveRecord: 0.0ms)


Started GET "/" for 192.168.99.1 at 2015-08-25 14:38:05 +0000
Cannot render console from 192.168.99.1! Allowed networks: 127.0.0.1, ::1, 127.0.0.0/127.255.255.255

ActiveRecord::PendingMigrationError (

Migrations are pending. To resolve this issue, run:

	bin/rake db:migrate RAILS_ENV=development

):
  activerecord (4.2.1) lib/active_record/migration.rb:393:in `check_pending!'
  activerecord (4.2.1) lib/active_record/migration.rb:374:in `call'
  actionpack (4.2.1) lib/action_dispatch/middleware/callbacks.rb:29:in `block in call'
  activesupport (4.2.1) lib/active_support/callbacks.rb:88:in `call'
  activesupport (4.2.1) lib/active_support/callbacks.rb:88:in `_run_callbacks'
  activesupport (4.2.1) lib/active_support/callbacks.rb:776:in `_run_call_callbacks'
  activesupport (4.2.1) lib/active_support/callbacks.rb:81:in `run_callbacks'
  actionpack (4.2.1) lib/action_dispatch/middleware/callbacks.rb:27:in `call'
  actionpack (4.2.1) lib/action_dispatch/middleware/reloader.rb:73:in `call'
  actionpack (4.2.1) lib/action_dispatch/middleware/remote_ip.rb:78:in `call'
  better_errors (2.1.1) lib/better_errors/middleware.rb:59:in `call'
  actionpack (4.2.1) lib/action_dispatch/middleware/debug_exceptions.rb:17:in `call'
  web-console (2.2.1) lib/web_console/middleware.rb:31:in `call'
  actionpack (4.2.1) lib/action_dispatch/middleware/show_exceptions.rb:30:in `call'
  railties (4.2.1) lib/rails/rack/logger.rb:38:in `call_app'
  railties (4.2.1) lib/rails/rack/logger.rb:20:in `block in call'
  activesupport (4.2.1) lib/active_support/tagged_logging.rb:68:in `block in tagged'
  activesupport (4.2.1) lib/active_support/tagged_logging.rb:26:in `tagged'
  activesupport (4.2.1) lib/active_support/tagged_logging.rb:68:in `tagged'
  railties (4.2.1) lib/rails/rack/logger.rb:20:in `call'
  quiet_assets (1.1.0) lib/quiet_assets.rb:27:in `call_with_quiet_assets'
  actionpack (4.2.1) lib/action_dispatch/middleware/request_id.rb:21:in `call'
  rack (1.6.4) lib/rack/methodoverride.rb:22:in `call'
  rack (1.6.4) lib/rack/runtime.rb:18:in `call'
  activesupport (4.2.1) lib/active_support/cache/strategy/local_cache_middleware.rb:28:in `call'
  rack (1.6.4) lib/rack/lock.rb:17:in `call'
  actionpack (4.2.1) lib/action_dispatch/middleware/static.rb:113:in `call'
  rack (1.6.4) lib/rack/sendfile.rb:113:in `call'
  railties (4.2.1) lib/rails/engine.rb:518:in `call'
  railties (4.2.1) lib/rails/application.rb:164:in `call'
  rack (1.6.4) lib/rack/lock.rb:17:in `call'
  rack (1.6.4) lib/rack/content_length.rb:15:in `call'
  rack (1.6.4) lib/rack/handler/webrick.rb:88:in `service'
  /usr/local/lib/ruby/2.2.0/webrick/httpserver.rb:138:in `service'
  /usr/local/lib/ruby/2.2.0/webrick/httpserver.rb:94:in `run'
  /usr/local/lib/ruby/2.2.0/webrick/server.rb:294:in `block in start_thread'


  Rendered /usr/local/bundle/gems/actionpack-4.2.1/lib/action_dispatch/middleware/templates/rescues/_source.erb (4.2ms)
  Rendered /usr/local/bundle/gems/actionpack-4.2.1/lib/action_dispatch/middleware/templates/rescues/_trace.html.erb (2.6ms)
  Rendered /usr/local/bundle/gems/actionpack-4.2.1/lib/action_dispatch/middleware/templates/rescues/_request_and_response.html.erb (2.1ms)
  Rendered /usr/local/bundle/gems/actionpack-4.2.1/lib/action_dispatch/middleware/templates/rescues/diagnostics.html.erb within rescues/layout (37.3ms)
  [1m[36m (8.4ms)[0m  [1mCREATE TABLE "schema_migrations" ("version" character varying NOT NULL) [0m
  [1m[35m (2.8ms)[0m  CREATE UNIQUE INDEX  "unique_schema_migrations" ON "schema_migrations"  ("version")
  [1m[36mActiveRecord::SchemaMigration Load (0.4ms)[0m  [1mSELECT "schema_migrations".* FROM "schema_migrations"[0m
Migrating to DeviseCreateUsers (20150825105416)
  [1m[35m (0.3ms)[0m  BEGIN
  [1m[36m (6.0ms)[0m  [1mCREATE TABLE "users" ("id" serial primary key, "email" character varying DEFAULT '' NOT NULL, "encrypted_password" character varying DEFAULT '' NOT NULL, "reset_password_token" character varying, "reset_password_sent_at" timestamp, "remember_created_at" timestamp, "sign_in_count" integer DEFAULT 0 NOT NULL, "current_sign_in_at" timestamp, "last_sign_in_at" timestamp, "current_sign_in_ip" character varying, "last_sign_in_ip" character varying, "created_at" timestamp NOT NULL, "updated_at" timestamp NOT NULL) [0m
  [1m[35m (2.3ms)[0m  CREATE UNIQUE INDEX  "index_users_on_email" ON "users"  ("email")
  [1m[36m (2.0ms)[0m  [1mCREATE UNIQUE INDEX  "index_users_on_reset_password_token" ON "users"  ("reset_password_token")[0m
  [1m[35mSQL (0.7ms)[0m  INSERT INTO "schema_migrations" ("version") VALUES ($1)  [["version", "20150825105416"]]
  [1m[36m (1.1ms)[0m  [1mCOMMIT[0m
Migrating to AddNameToUsers (20150825105419)
  [1m[35m (0.2ms)[0m  BEGIN
  [1m[36m (0.5ms)[0m  [1mALTER TABLE "users" ADD "name" character varying[0m
  [1m[35mSQL (0.2ms)[0m  INSERT INTO "schema_migrations" ("version") VALUES ($1)  [["version", "20150825105419"]]
  [1m[36m (1.1ms)[0m  [1mCOMMIT[0m
Migrating to AddRoleToUsers (20150825105425)
  [1m[35m (0.2ms)[0m  BEGIN
  [1m[36m (0.5ms)[0m  [1mALTER TABLE "users" ADD "role" integer[0m
  [1m[35mSQL (0.3ms)[0m  INSERT INTO "schema_migrations" ("version") VALUES ($1)  [["version", "20150825105425"]]
  [1m[36m (0.6ms)[0m  [1mCOMMIT[0m
  [1m[35mActiveRecord::SchemaMigration Load (0.4ms)[0m  SELECT "schema_migrations".* FROM "schema_migrations"
  [1m[36m (2.9ms)[0m  [1mSELECT t2.oid::regclass::text AS to_table, a1.attname AS column, a2.attname AS primary_key, c.conname AS name, c.confupdtype AS on_update, c.confdeltype AS on_delete
FROM pg_constraint c
JOIN pg_class t1 ON c.conrelid = t1.oid
JOIN pg_class t2 ON c.confrelid = t2.oid
JOIN pg_attribute a1 ON a1.attnum = c.conkey[1] AND a1.attrelid = t1.oid
JOIN pg_attribute a2 ON a2.attnum = c.confkey[1] AND a2.attrelid = t2.oid
JOIN pg_namespace t3 ON c.connamespace = t3.oid
WHERE c.contype = 'f'
  AND t1.relname = 'users'
  AND t3.nspname = ANY (current_schemas(false))
ORDER BY c.conname
[0m


Started GET "/" for 192.168.99.1 at 2015-08-25 14:39:14 +0000
Cannot render console from 192.168.99.1! Allowed networks: 127.0.0.1, ::1, 127.0.0.0/127.255.255.255
  [1m[36mActiveRecord::SchemaMigration Load (0.9ms)[0m  [1mSELECT "schema_migrations".* FROM "schema_migrations"[0m
Processing by VisitorsController#index as HTML
  Rendered visitors/index.html.erb within layouts/application (21.6ms)
  Rendered layouts/_navigation_links.html.erb (1.2ms)
  Rendered layouts/_navigation.html.erb (20.5ms)
  Rendered layouts/_messages.html.erb (0.9ms)
Completed 200 OK in 9303ms (Views: 9301.9ms | ActiveRecord: 0.0ms)


Started GET "/users/sign_in" for 192.168.99.1 at 2015-08-25 14:39:38 +0000
Cannot render console from 192.168.99.1! Allowed networks: 127.0.0.1, ::1, 127.0.0.0/127.255.255.255
Processing by Devise::SessionsController#new as HTML
  Rendered devise/sessions/new.html.erb within layouts/application (410.9ms)
  Rendered layouts/_navigation_links.html.erb (0.5ms)
  Rendered layouts/_navigation.html.erb (11.8ms)
  Rendered layouts/_messages.html.erb (0.1ms)
Completed 200 OK in 932ms (Views: 911.2ms | ActiveRecord: 3.3ms)


Started POST "/users/sign_in" for 192.168.99.1 at 2015-08-25 14:39:47 +0000
Cannot render console from 192.168.99.1! Allowed networks: 127.0.0.1, ::1, 127.0.0.0/127.255.255.255
Processing by Devise::SessionsController#create as HTML
  Parameters: {"utf8"=>"✓", "authenticity_token"=>"mFAB2plOwALOuQQReLc5nE+J7XJMDFjOR5A338MxsBFzf1+hB/K2TN3pCYqz0y+sf9wZKwL2WEI3hwQCMOw8cw==", "user"=>{"email"=>"stroppad@amazon.com", "password"=>"[FILTERED]", "remember_me"=>"0"}, "commit"=>"Sign in"}
  [1m[35mUser Load (0.7ms)[0m  SELECT  "users".* FROM "users" WHERE "users"."email" = $1  ORDER BY "users"."id" ASC LIMIT 1  [["email", "stroppad@amazon.com"]]
Completed 401 Unauthorized in 30ms (ActiveRecord: 1.0ms)
Processing by Devise::SessionsController#new as HTML
  Parameters: {"utf8"=>"✓", "authenticity_token"=>"mFAB2plOwALOuQQReLc5nE+J7XJMDFjOR5A338MxsBFzf1+hB/K2TN3pCYqz0y+sf9wZKwL2WEI3hwQCMOw8cw==", "user"=>{"email"=>"stroppad@amazon.com", "password"=>"[FILTERED]", "remember_me"=>"0"}, "commit"=>"Sign in"}
  Rendered devise/sessions/new.html.erb within layouts/application (2.8ms)
  Rendered layouts/_navigation_links.html.erb (0.3ms)
  Rendered layouts/_navigation.html.erb (12.1ms)
  Rendered layouts/_messages.html.erb (0.1ms)
Completed 200 OK in 619ms (Views: 499.9ms | ActiveRecord: 0.0ms)


Started GET "/users/sign_up" for 192.168.99.1 at 2015-08-25 14:39:50 +0000
Cannot render console from 192.168.99.1! Allowed networks: 127.0.0.1, ::1, 127.0.0.0/127.255.255.255
Processing by Devise::RegistrationsController#new as HTML
  Rendered devise/registrations/new.html.erb within layouts/application (3.5ms)
  Rendered layouts/_navigation_links.html.erb (0.5ms)
  Rendered layouts/_navigation.html.erb (12.0ms)
  Rendered layouts/_messages.html.erb (0.1ms)
Completed 200 OK in 495ms (Views: 493.7ms | ActiveRecord: 0.0ms)


Started POST "/users" for 192.168.99.1 at 2015-08-25 14:40:03 +0000
Cannot render console from 192.168.99.1! Allowed networks: 127.0.0.1, ::1, 127.0.0.0/127.255.255.255
Processing by Devise::RegistrationsController#create as HTML
  Parameters: {"utf8"=>"✓", "authenticity_token"=>"UPS4HFOOiCyic6R56KdPkqx0vnmlgw6iEJNj7ljkFci72+ZnzTL+YrEjqeIjw1minCFKIOt5Di5ghFAzqzmZqg==", "user"=>{"name"=>"Daniele Stroppa", "email"=>"stroppad@amazon.co.uk", "password"=>"[FILTERED]", "password_confirmation"=>"[FILTERED]"}, "commit"=>"Sign up"}
Unpermitted parameter: name
  [1m[36m (0.5ms)[0m  [1mBEGIN[0m
  [1m[35mUser Exists (0.4ms)[0m  SELECT  1 AS one FROM "users" WHERE "users"."email" = 'stroppad@amazon.co.uk' LIMIT 1
  [1m[36mSQL (2.0ms)[0m  [1mINSERT INTO "users" ("email", "encrypted_password", "role", "created_at", "updated_at") VALUES ($1, $2, $3, $4, $5) RETURNING "id"[0m  [["email", "stroppad@amazon.co.uk"], ["encrypted_password", "$2a$10$qHdVGkdXM4VN4EEVMSjwhO7ep5h4CJlxz.eetqrux6KMme12rVcTq"], ["role", 0], ["created_at", "2015-08-25 14:40:03.642845"], ["updated_at", "2015-08-25 14:40:03.642845"]]
[ActiveJob] Enqueued MailingListSignupJob (Job ID: 91947344-acf5-4cba-a884-4e57baf16015) to SuckerPunch(default) with arguments: gid://rails-signup-download/User/1
  [1m[35m (3.3ms)[0m  COMMIT
  [1m[36m (0.3ms)[0m  [1mBEGIN[0m
  [1m[35mSQL (0.3ms)[0m  UPDATE "users" SET "last_sign_in_at" = $1, "current_sign_in_at" = $2, "last_sign_in_ip" = $3, "current_sign_in_ip" = $4, "sign_in_count" = $5, "updated_at" = $6 WHERE "users"."id" = $7  [["last_sign_in_at", "2015-08-25 14:40:03.669107"], ["current_sign_in_at", "2015-08-25 14:40:03.669107"], ["last_sign_in_ip", "192.168.99.1"], ["current_sign_in_ip", "192.168.99.1"], ["sign_in_count", 1], ["updated_at", "2015-08-25 14:40:03.671639"], ["id", 1]]
  [1m[36m (3.4ms)[0m  [1mCOMMIT[0m
Redirected to http://192.168.99.100:3000/
  [1m[35mUser Load (0.4ms)[0m  SELECT  "users".* FROM "users" WHERE "users"."id" = $1 LIMIT 1  [["id", 1]]
Completed 302 Found in 194ms (ActiveRecord: 10.3ms)
[ActiveJob] [MailingListSignupJob] [91947344-acf5-4cba-a884-4e57baf16015] Performing MailingListSignupJob from SuckerPunch(default) with arguments: gid://rails-signup-download/User/1
[ActiveJob] [MailingListSignupJob] [91947344-acf5-4cba-a884-4e57baf16015] signing up stroppad@amazon.co.uk
[ActiveJob] [MailingListSignupJob] [91947344-acf5-4cba-a884-4e57baf16015] Performed MailingListSignupJob from SuckerPunch(default) in 12.82ms
Actor crashed!
NameError: uninitialized constant Gibbon::API
	/dvo305-demo/app/models/user.rb:20:in `subscribe'
	/dvo305-demo/app/jobs/mailing_list_signup_job.rb:5:in `perform'
	/usr/local/bundle/gems/activejob-4.2.1/lib/active_job/execution.rb:32:in `block in perform_now'
	/usr/local/bundle/gems/activesupport-4.2.1/lib/active_support/callbacks.rb:117:in `call'
	/usr/local/bundle/gems/activesupport-4.2.1/lib/active_support/callbacks.rb:117:in `call'
	/usr/local/bundle/gems/activesupport-4.2.1/lib/active_support/callbacks.rb:555:in `block (2 levels) in compile'
	/usr/local/bundle/gems/activesupport-4.2.1/lib/active_support/callbacks.rb:505:in `call'
	/usr/local/bundle/gems/activesupport-4.2.1/lib/active_support/callbacks.rb:505:in `call'
	/usr/local/bundle/gems/activesupport-4.2.1/lib/active_support/callbacks.rb:498:in `block (2 levels) in around'
	/usr/local/bundle/gems/activesupport-4.2.1/lib/active_support/callbacks.rb:343:in `call'
	/usr/local/bundle/gems/activesupport-4.2.1/lib/active_support/callbacks.rb:343:in `block (2 levels) in simple'
	/usr/local/bundle/gems/activejob-4.2.1/lib/active_job/logging.rb:23:in `call'
	/usr/local/bundle/gems/activejob-4.2.1/lib/active_job/logging.rb:23:in `block (4 levels) in <module:Logging>'
	/usr/local/bundle/gems/activesupport-4.2.1/lib/active_support/notifications.rb:164:in `block in instrument'
	/usr/local/bundle/gems/activesupport-4.2.1/lib/active_support/notifications/instrumenter.rb:20:in `instrument'
	/usr/local/bundle/gems/activesupport-4.2.1/lib/active_support/notifications.rb:164:in `instrument'
	/usr/local/bundle/gems/activejob-4.2.1/lib/active_job/logging.rb:22:in `block (3 levels) in <module:Logging>'
	/usr/local/bundle/gems/activejob-4.2.1/lib/active_job/logging.rb:43:in `block in tag_logger'
	/usr/local/bundle/gems/activesupport-4.2.1/lib/active_support/tagged_logging.rb:68:in `block in tagged'
	/usr/local/bundle/gems/activesupport-4.2.1/lib/active_support/tagged_logging.rb:26:in `tagged'
	/usr/local/bundle/gems/activesupport-4.2.1/lib/active_support/tagged_logging.rb:68:in `tagged'
	/usr/local/bundle/gems/activejob-4.2.1/lib/active_job/logging.rb:43:in `tag_logger'
	/usr/local/bundle/gems/activejob-4.2.1/lib/active_job/logging.rb:19:in `block (2 levels) in <module:Logging>'
	/usr/local/bundle/gems/activesupport-4.2.1/lib/active_support/callbacks.rb:441:in `instance_exec'
	/usr/local/bundle/gems/activesupport-4.2.1/lib/active_support/callbacks.rb:441:in `block in make_lambda'
	/usr/local/bundle/gems/activesupport-4.2.1/lib/active_support/callbacks.rb:342:in `call'
	/usr/local/bundle/gems/activesupport-4.2.1/lib/active_support/callbacks.rb:342:in `block in simple'
	/usr/local/bundle/gems/activesupport-4.2.1/lib/active_support/callbacks.rb:497:in `call'
	/usr/local/bundle/gems/activesupport-4.2.1/lib/active_support/callbacks.rb:497:in `block in around'
	/usr/local/bundle/gems/activesupport-4.2.1/lib/active_support/callbacks.rb:505:in `call'
	/usr/local/bundle/gems/activesupport-4.2.1/lib/active_support/callbacks.rb:505:in `call'
	/usr/local/bundle/gems/activesupport-4.2.1/lib/active_support/callbacks.rb:92:in `_run_callbacks'
	/usr/local/bundle/gems/activesupport-4.2.1/lib/active_support/callbacks.rb:776:in `_run_perform_callbacks'
	/usr/local/bundle/gems/activesupport-4.2.1/lib/active_support/callbacks.rb:81:in `run_callbacks'
	/usr/local/bundle/gems/activejob-4.2.1/lib/active_job/execution.rb:31:in `perform_now'
	/usr/local/bundle/gems/activejob-4.2.1/lib/active_job/execution.rb:21:in `execute'
	/usr/local/bundle/gems/activejob-4.2.1/lib/active_job/queue_adapters/sucker_punch_adapter.rb:35:in `perform'
	/usr/local/bundle/gems/celluloid-0.16.0/lib/celluloid/calls.rb:26:in `public_send'
	/usr/local/bundle/gems/celluloid-0.16.0/lib/celluloid/calls.rb:26:in `dispatch'
	/usr/local/bundle/gems/celluloid-0.16.0/lib/celluloid/calls.rb:63:in `dispatch'
	/usr/local/bundle/gems/celluloid-0.16.0/lib/celluloid/cell.rb:60:in `block in invoke'
	/usr/local/bundle/gems/celluloid-0.16.0/lib/celluloid/cell.rb:71:in `block in task'
	/usr/local/bundle/gems/celluloid-0.16.0/lib/celluloid/actor.rb:357:in `block in task'
	/usr/local/bundle/gems/celluloid-0.16.0/lib/celluloid/tasks.rb:57:in `block in initialize'
	/usr/local/bundle/gems/celluloid-0.16.0/lib/celluloid/tasks/task_fiber.rb:15:in `block in create'
Celluloid::PoolManager: async call `perform` aborted!
NameError: uninitialized constant Gibbon::API
	/dvo305-demo/app/models/user.rb:20:in `subscribe'
	/dvo305-demo/app/jobs/mailing_list_signup_job.rb:5:in `perform'
	/usr/local/bundle/gems/activejob-4.2.1/lib/active_job/execution.rb:32:in `block in perform_now'
	/usr/local/bundle/gems/activesupport-4.2.1/lib/active_support/callbacks.rb:117:in `call'
	/usr/local/bundle/gems/activesupport-4.2.1/lib/active_support/callbacks.rb:117:in `call'
	/usr/local/bundle/gems/activesupport-4.2.1/lib/active_support/callbacks.rb:555:in `block (2 levels) in compile'
	/usr/local/bundle/gems/activesupport-4.2.1/lib/active_support/callbacks.rb:505:in `call'
	/usr/local/bundle/gems/activesupport-4.2.1/lib/active_support/callbacks.rb:505:in `call'
	/usr/local/bundle/gems/activesupport-4.2.1/lib/active_support/callbacks.rb:498:in `block (2 levels) in around'
	/usr/local/bundle/gems/activesupport-4.2.1/lib/active_support/callbacks.rb:343:in `call'
	/usr/local/bundle/gems/activesupport-4.2.1/lib/active_support/callbacks.rb:343:in `block (2 levels) in simple'
	/usr/local/bundle/gems/activejob-4.2.1/lib/active_job/logging.rb:23:in `call'
	/usr/local/bundle/gems/activejob-4.2.1/lib/active_job/logging.rb:23:in `block (4 levels) in <module:Logging>'
	/usr/local/bundle/gems/activesupport-4.2.1/lib/active_support/notifications.rb:164:in `block in instrument'
	/usr/local/bundle/gems/activesupport-4.2.1/lib/active_support/notifications/instrumenter.rb:20:in `instrument'
	/usr/local/bundle/gems/activesupport-4.2.1/lib/active_support/notifications.rb:164:in `instrument'
	/usr/local/bundle/gems/activejob-4.2.1/lib/active_job/logging.rb:22:in `block (3 levels) in <module:Logging>'
	/usr/local/bundle/gems/activejob-4.2.1/lib/active_job/logging.rb:43:in `block in tag_logger'
	/usr/local/bundle/gems/activesupport-4.2.1/lib/active_support/tagged_logging.rb:68:in `block in tagged'
	/usr/local/bundle/gems/activesupport-4.2.1/lib/active_support/tagged_logging.rb:26:in `tagged'
	/usr/local/bundle/gems/activesupport-4.2.1/lib/active_support/tagged_logging.rb:68:in `tagged'
	/usr/local/bundle/gems/activejob-4.2.1/lib/active_job/logging.rb:43:in `tag_logger'
	/usr/local/bundle/gems/activejob-4.2.1/lib/active_job/logging.rb:19:in `block (2 levels) in <module:Logging>'
	/usr/local/bundle/gems/activesupport-4.2.1/lib/active_support/callbacks.rb:441:in `instance_exec'
	/usr/local/bundle/gems/activesupport-4.2.1/lib/active_support/callbacks.rb:441:in `block in make_lambda'
	/usr/local/bundle/gems/activesupport-4.2.1/lib/active_support/callbacks.rb:342:in `call'
	/usr/local/bundle/gems/activesupport-4.2.1/lib/active_support/callbacks.rb:342:in `block in simple'
	/usr/local/bundle/gems/activesupport-4.2.1/lib/active_support/callbacks.rb:497:in `call'
	/usr/local/bundle/gems/activesupport-4.2.1/lib/active_support/callbacks.rb:497:in `block in around'
	/usr/local/bundle/gems/activesupport-4.2.1/lib/active_support/callbacks.rb:505:in `call'
	/usr/local/bundle/gems/activesupport-4.2.1/lib/active_support/callbacks.rb:505:in `call'
	/usr/local/bundle/gems/activesupport-4.2.1/lib/active_support/callbacks.rb:92:in `_run_callbacks'
	/usr/local/bundle/gems/activesupport-4.2.1/lib/active_support/callbacks.rb:776:in `_run_perform_callbacks'
	/usr/local/bundle/gems/activesupport-4.2.1/lib/active_support/callbacks.rb:81:in `run_callbacks'
	/usr/local/bundle/gems/activejob-4.2.1/lib/active_job/execution.rb:31:in `perform_now'
	/usr/local/bundle/gems/activejob-4.2.1/lib/active_job/execution.rb:21:in `execute'
	/usr/local/bundle/gems/activejob-4.2.1/lib/active_job/queue_adapters/sucker_punch_adapter.rb:35:in `perform'
	/usr/local/bundle/gems/celluloid-0.16.0/lib/celluloid/calls.rb:26:in `public_send'
	/usr/local/bundle/gems/celluloid-0.16.0/lib/celluloid/calls.rb:26:in `dispatch'
	/usr/local/bundle/gems/celluloid-0.16.0/lib/celluloid/calls.rb:63:in `dispatch'
	/usr/local/bundle/gems/celluloid-0.16.0/lib/celluloid/cell.rb:60:in `block in invoke'
	/usr/local/bundle/gems/celluloid-0.16.0/lib/celluloid/cell.rb:71:in `block in task'
	/usr/local/bundle/gems/celluloid-0.16.0/lib/celluloid/actor.rb:357:in `block in task'
	/usr/local/bundle/gems/celluloid-0.16.0/lib/celluloid/tasks.rb:57:in `block in initialize'
	/usr/local/bundle/gems/celluloid-0.16.0/lib/celluloid/tasks/task_fiber.rb:15:in `block in create'
	(celluloid):0:in `remote procedure call'
	/usr/local/bundle/gems/celluloid-0.16.0/lib/celluloid/calls.rb:92:in `value'
	/usr/local/bundle/gems/celluloid-0.16.0/lib/celluloid/proxies/sync_proxy.rb:33:in `method_missing'
	/usr/local/bundle/gems/celluloid-0.16.0/lib/celluloid/proxies/cell_proxy.rb:17:in `_send_'
	/usr/local/bundle/gems/celluloid-0.16.0/lib/celluloid/pool_manager.rb:41:in `_send_'
	/usr/local/bundle/gems/celluloid-0.16.0/lib/celluloid/pool_manager.rb:140:in `method_missing'
	/usr/local/bundle/gems/celluloid-0.16.0/lib/celluloid/calls.rb:26:in `public_send'
	/usr/local/bundle/gems/celluloid-0.16.0/lib/celluloid/calls.rb:26:in `dispatch'
	/usr/local/bundle/gems/celluloid-0.16.0/lib/celluloid/calls.rb:122:in `dispatch'
	/usr/local/bundle/gems/celluloid-0.16.0/lib/celluloid/cell.rb:60:in `block in invoke'
	/usr/local/bundle/gems/celluloid-0.16.0/lib/celluloid/cell.rb:71:in `block in task'
	/usr/local/bundle/gems/celluloid-0.16.0/lib/celluloid/actor.rb:357:in `block in task'
	/usr/local/bundle/gems/celluloid-0.16.0/lib/celluloid/tasks.rb:57:in `block in initialize'
	/usr/local/bundle/gems/celluloid-0.16.0/lib/celluloid/tasks/task_fiber.rb:15:in `block in create'


Started GET "/" for 192.168.99.1 at 2015-08-25 14:40:03 +0000
Cannot render console from 192.168.99.1! Allowed networks: 127.0.0.1, ::1, 127.0.0.0/127.255.255.255
Processing by VisitorsController#index as HTML
  [1m[36mUser Load (0.3ms)[0m  [1mSELECT  "users".* FROM "users" WHERE "users"."id" = $1  ORDER BY "users"."id" ASC LIMIT 1[0m  [["id", 1]]
  Rendered visitors/index.html.erb within layouts/application (3.6ms)
  Rendered layouts/_navigation_links.html.erb (0.3ms)
  Rendered layouts/_navigation.html.erb (10.9ms)
  Rendered layouts/_messages.html.erb (0.2ms)
Completed 200 OK in 451ms (Views: 450.9ms | ActiveRecord: 0.3ms)


Started GET "/products/awsgsgintro.pdf" for 192.168.99.1 at 2015-08-25 14:40:09 +0000
Cannot render console from 192.168.99.1! Allowed networks: 127.0.0.1, ::1, 127.0.0.0/127.255.255.255
Processing by ProductsController#show as PDF
  Parameters: {"id"=>"awsgsgintro"}
  [1m[35mUser Load (0.4ms)[0m  SELECT  "users".* FROM "users" WHERE "users"."id" = $1  ORDER BY "users"."id" ASC LIMIT 1  [["id", 1]]
Sent file app/views/products/awsgsgintro.pdf (2.0ms)
Completed 200 OK in 5ms (ActiveRecord: 0.4ms)


Started DELETE "/users/sign_out" for 192.168.99.1 at 2015-08-25 14:40:13 +0000
Cannot render console from 192.168.99.1! Allowed networks: 127.0.0.1, ::1, 127.0.0.0/127.255.255.255
Processing by Devise::SessionsController#destroy as HTML
  Parameters: {"authenticity_token"=>"nl2gHioIX4vqr4PWuCTo0qyedW8NRhurG3201nOZNQ51cv5ltLQpxfn/jk1zQP7inMuBNkO8GydraocLgES5bA=="}
  [1m[36mUser Load (0.4ms)[0m  [1mSELECT  "users".* FROM "users" WHERE "users"."id" = $1  ORDER BY "users"."id" ASC LIMIT 1[0m  [["id", 1]]
  [1m[35m (0.2ms)[0m  BEGIN
  [1m[36m (0.2ms)[0m  [1mCOMMIT[0m
Redirected to http://192.168.99.100:3000/
Completed 302 Found in 16ms (ActiveRecord: 0.7ms)


Started GET "/" for 192.168.99.1 at 2015-08-25 14:40:13 +0000
Cannot render console from 192.168.99.1! Allowed networks: 127.0.0.1, ::1, 127.0.0.0/127.255.255.255
Processing by VisitorsController#index as HTML
  Rendered visitors/index.html.erb within layouts/application (0.7ms)
  Rendered layouts/_navigation_links.html.erb (0.3ms)
  Rendered layouts/_navigation.html.erb (11.2ms)
  Rendered layouts/_messages.html.erb (0.1ms)
Completed 200 OK in 451ms (Views: 450.7ms | ActiveRecord: 0.0ms)
Terminating 3 actors...
Terminating task: type=:finalizer, meta={:method_name=>:__shutdown__}, status=:receiving
	Celluloid::TaskFiber backtrace unavailable. Please try `Celluloid.task_class = Celluloid::TaskThread` if you need backtraces here.


Started GET "/" for 192.168.99.1 at 2015-08-25 15:09:32 +0000
Cannot render console from 192.168.99.1! Allowed networks: 127.0.0.1, ::1, 127.0.0.0/127.255.255.255
  [1m[36mActiveRecord::SchemaMigration Load (0.5ms)[0m  [1mSELECT "schema_migrations".* FROM "schema_migrations"[0m
Processing by VisitorsController#index as HTML
  Rendered visitors/index.html.erb within layouts/application (24.9ms)
  Rendered layouts/_navigation_links.html.erb (2.5ms)
  Rendered layouts/_navigation.html.erb (14.6ms)
  Rendered layouts/_messages.html.erb (2.0ms)
Completed 200 OK in 1921ms (Views: 1920.9ms | ActiveRecord: 0.0ms)


Started GET "/users/sign_in" for 192.168.99.1 at 2015-08-25 15:09:38 +0000
Cannot render console from 192.168.99.1! Allowed networks: 127.0.0.1, ::1, 127.0.0.0/127.255.255.255
Processing by Devise::SessionsController#new as HTML
  Rendered devise/sessions/new.html.erb within layouts/application (395.1ms)
  Rendered layouts/_navigation_links.html.erb (0.6ms)
  Rendered layouts/_navigation.html.erb (11.6ms)
  Rendered layouts/_messages.html.erb (0.1ms)
Completed 200 OK in 870ms (Views: 848.6ms | ActiveRecord: 3.5ms)


Started POST "/users/sign_in" for 192.168.99.1 at 2015-08-25 15:09:48 +0000
Cannot render console from 192.168.99.1! Allowed networks: 127.0.0.1, ::1, 127.0.0.0/127.255.255.255
Processing by Devise::SessionsController#create as HTML
  Parameters: {"utf8"=>"✓", "authenticity_token"=>"+FsrLS2dYUbRw91Cz2mlxrtYf7LiikJE/E8fkL0N+54AmKLE/d2NDh+n+u8uikmJqvdqOMg7f0xTBj7SEqYr4Q==", "user"=>{"email"=>"stroppad@amazon.co.uk", "password"=>"[FILTERED]", "remember_me"=>"0"}, "commit"=>"Sign in"}
  [1m[35mUser Load (2.3ms)[0m  SELECT  "users".* FROM "users" WHERE "users"."email" = $1  ORDER BY "users"."id" ASC LIMIT 1  [["email", "stroppad@amazon.co.uk"]]
  [1m[36m (0.2ms)[0m  [1mBEGIN[0m
  [1m[35mSQL (0.4ms)[0m  UPDATE "users" SET "current_sign_in_at" = $1, "sign_in_count" = $2, "updated_at" = $3 WHERE "users"."id" = $4  [["current_sign_in_at", "2015-08-25 15:09:48.341849"], ["sign_in_count", 2], ["updated_at", "2015-08-25 15:09:48.344896"], ["id", 1]]
  [1m[36m (1.3ms)[0m  [1mCOMMIT[0m
Redirected to http://192.168.99.100:3000/
Completed 302 Found in 190ms (ActiveRecord: 4.4ms)


Started GET "/" for 192.168.99.1 at 2015-08-25 15:09:48 +0000
Cannot render console from 192.168.99.1! Allowed networks: 127.0.0.1, ::1, 127.0.0.0/127.255.255.255
Processing by VisitorsController#index as HTML
  [1m[35mUser Load (0.3ms)[0m  SELECT  "users".* FROM "users" WHERE "users"."id" = $1  ORDER BY "users"."id" ASC LIMIT 1  [["id", 1]]
  Rendered visitors/index.html.erb within layouts/application (3.4ms)
  Rendered layouts/_navigation_links.html.erb (0.3ms)
  Rendered layouts/_navigation.html.erb (11.1ms)
  Rendered layouts/_messages.html.erb (0.2ms)
Completed 200 OK in 426ms (Views: 425.8ms | ActiveRecord: 0.3ms)


Started GET "/" for 192.168.99.1 at 2015-08-26 15:36:36 +0000
Cannot render console from 192.168.99.1! Allowed networks: 127.0.0.1, ::1, 127.0.0.0/127.255.255.255
  [1m[36mActiveRecord::SchemaMigration Load (3.3ms)[0m  [1mSELECT "schema_migrations".* FROM "schema_migrations"[0m
Processing by VisitorsController#index as HTML
  Rendered visitors/index.html.erb within layouts/application (37.0ms)
  Rendered layouts/_navigation_links.html.erb (1.1ms)
  Rendered layouts/_navigation.html.erb (18.1ms)
  Rendered layouts/_messages.html.erb (0.7ms)
Completed 200 OK in 1188ms (Views: 1187.7ms | ActiveRecord: 0.0ms)


Started GET "/" for 192.168.99.1 at 2015-08-26 15:37:22 +0000
Cannot render console from 192.168.99.1! Allowed networks: 127.0.0.1, ::1, 127.0.0.0/127.255.255.255
  [1m[36mActiveRecord::SchemaMigration Load (0.8ms)[0m  [1mSELECT "schema_migrations".* FROM "schema_migrations"[0m
Processing by VisitorsController#index as HTML
  Rendered visitors/index.html.erb within layouts/application (36.3ms)
  Rendered layouts/_navigation_links.html.erb (1.4ms)
  Rendered layouts/_navigation.html.erb (16.0ms)
  Rendered layouts/_messages.html.erb (1.2ms)
Completed 200 OK in 1415ms (Views: 1414.7ms | ActiveRecord: 0.0ms)


Started GET "/" for 192.168.99.1 at 2015-08-26 15:37:23 +0000
Cannot render console from 192.168.99.1! Allowed networks: 127.0.0.1, ::1, 127.0.0.0/127.255.255.255
Processing by VisitorsController#index as HTML
  Rendered visitors/index.html.erb within layouts/application (1.5ms)
  Rendered layouts/_navigation_links.html.erb (0.3ms)
  Rendered layouts/_navigation.html.erb (14.4ms)
  Rendered layouts/_messages.html.erb (0.1ms)
Completed 200 OK in 574ms (Views: 573.8ms | ActiveRecord: 0.0ms)


Started GET "/users/sign_in" for 192.168.99.1 at 2015-08-26 15:37:28 +0000
Cannot render console from 192.168.99.1! Allowed networks: 127.0.0.1, ::1, 127.0.0.0/127.255.255.255
Processing by Devise::SessionsController#new as HTML
  Rendered devise/sessions/new.html.erb within layouts/application (422.7ms)
  Rendered layouts/_navigation_links.html.erb (0.8ms)
  Rendered layouts/_navigation.html.erb (16.2ms)
  Rendered layouts/_messages.html.erb (0.1ms)
Completed 200 OK in 1014ms (Views: 987.2ms | ActiveRecord: 9.2ms)


Started POST "/users/sign_in" for 192.168.99.1 at 2015-08-26 15:37:35 +0000
Cannot render console from 192.168.99.1! Allowed networks: 127.0.0.1, ::1, 127.0.0.0/127.255.255.255
Processing by Devise::SessionsController#create as HTML
  Parameters: {"utf8"=>"✓", "authenticity_token"=>"Oo2C+MyuXm0+aQ0hAHNehF6rpw6wZ056nmNHq17RHm8rYv4RDB1HdRd2mWLRQP6lOWcFbrOskTSAfwQriiduYQ==", "user"=>{"email"=>"stroppad@amazon.com", "password"=>"[FILTERED]", "remember_me"=>"0"}, "commit"=>"Sign in"}
  [1m[35mUser Load (3.8ms)[0m  SELECT  "users".* FROM "users" WHERE "users"."email" = $1  ORDER BY "users"."id" ASC LIMIT 1  [["email", "stroppad@amazon.com"]]
Completed 401 Unauthorized in 37ms (ActiveRecord: 4.2ms)
Processing by Devise::SessionsController#new as HTML
  Parameters: {"utf8"=>"✓", "authenticity_token"=>"Oo2C+MyuXm0+aQ0hAHNehF6rpw6wZ056nmNHq17RHm8rYv4RDB1HdRd2mWLRQP6lOWcFbrOskTSAfwQriiduYQ==", "user"=>{"email"=>"stroppad@amazon.com", "password"=>"[FILTERED]", "remember_me"=>"0"}, "commit"=>"Sign in"}
  Rendered devise/sessions/new.html.erb within layouts/application (2.4ms)
  Rendered layouts/_navigation_links.html.erb (0.4ms)
  Rendered layouts/_navigation.html.erb (15.2ms)
  Rendered layouts/_messages.html.erb (0.1ms)
Completed 200 OK in 684ms (Views: 555.8ms | ActiveRecord: 0.0ms)


Started POST "/users/sign_in" for 192.168.99.1 at 2015-08-26 15:37:45 +0000
Cannot render console from 192.168.99.1! Allowed networks: 127.0.0.1, ::1, 127.0.0.0/127.255.255.255
Processing by Devise::SessionsController#create as HTML
  Parameters: {"utf8"=>"✓", "authenticity_token"=>"cvKpMJ3CGuUOixOFOCCOCGTuRzrums44lRYslBGka5ZjHdXZXXED/SeUh8bpEy4pAyLlWu1REXaLCm8UxVIbmA==", "user"=>{"email"=>"stroppad@amazon.co.uk", "password"=>"[FILTERED]", "remember_me"=>"0"}, "commit"=>"Sign in"}
  [1m[36mUser Load (0.7ms)[0m  [1mSELECT  "users".* FROM "users" WHERE "users"."email" = $1  ORDER BY "users"."id" ASC LIMIT 1[0m  [["email", "stroppad@amazon.co.uk"]]
  [1m[35m (0.3ms)[0m  BEGIN
  [1m[36mSQL (0.6ms)[0m  [1mUPDATE "users" SET "last_sign_in_at" = $1, "current_sign_in_at" = $2, "sign_in_count" = $3, "updated_at" = $4 WHERE "users"."id" = $5[0m  [["last_sign_in_at", "2015-08-25 15:09:48.341849"], ["current_sign_in_at", "2015-08-26 15:37:45.730352"], ["sign_in_count", 3], ["updated_at", "2015-08-26 15:37:45.734545"], ["id", 1]]
  [1m[35m (1.2ms)[0m  COMMIT
Redirected to http://192.168.99.100/
Completed 302 Found in 197ms (ActiveRecord: 2.7ms)


Started GET "/" for 192.168.99.1 at 2015-08-26 15:37:45 +0000
Cannot render console from 192.168.99.1! Allowed networks: 127.0.0.1, ::1, 127.0.0.0/127.255.255.255
Processing by VisitorsController#index as HTML
  [1m[36mUser Load (0.5ms)[0m  [1mSELECT  "users".* FROM "users" WHERE "users"."id" = $1  ORDER BY "users"."id" ASC LIMIT 1[0m  [["id", 1]]
  Rendered visitors/index.html.erb within layouts/application (6.3ms)
  Rendered layouts/_navigation_links.html.erb (0.5ms)
  Rendered layouts/_navigation.html.erb (74.6ms)
  Rendered layouts/_messages.html.erb (0.3ms)
Completed 200 OK in 1749ms (Views: 1747.6ms | ActiveRecord: 0.5ms)


Started GET "/" for 192.168.99.1 at 2015-08-26 15:37:55 +0000
Cannot render console from 192.168.99.1! Allowed networks: 127.0.0.1, ::1, 127.0.0.0/127.255.255.255
Processing by VisitorsController#index as HTML
  [1m[35mUser Load (0.8ms)[0m  SELECT  "users".* FROM "users" WHERE "users"."id" = $1  ORDER BY "users"."id" ASC LIMIT 1  [["id", 1]]
  Rendered visitors/index.html.erb within layouts/application (4.7ms)
  Rendered layouts/_navigation_links.html.erb (0.3ms)
  Rendered layouts/_navigation.html.erb (11.9ms)
  Rendered layouts/_messages.html.erb (0.1ms)
Completed 200 OK in 1981ms (Views: 1979.6ms | ActiveRecord: 0.8ms)


Started DELETE "/users/sign_out" for 192.168.99.1 at 2015-08-26 15:37:58 +0000
Cannot render console from 192.168.99.1! Allowed networks: 127.0.0.1, ::1, 127.0.0.0/127.255.255.255
Processing by Devise::SessionsController#destroy as HTML
  Parameters: {"authenticity_token"=>"UDHG8pqXJqCeYaUJCHAawyRaLnnRqGDUF4GJ3pDQxVCuEceq9pJ5EW4E0XHmXeZNcM7I1NKIvLm0+0yqJLPdDA=="}
  [1m[36mUser Load (0.4ms)[0m  [1mSELECT  "users".* FROM "users" WHERE "users"."id" = $1  ORDER BY "users"."id" ASC LIMIT 1[0m  [["id", 1]]
  [1m[35m (0.3ms)[0m  BEGIN
  [1m[36m (0.2ms)[0m  [1mCOMMIT[0m
Redirected to http://192.168.99.100/
Completed 302 Found in 166ms (ActiveRecord: 0.9ms)


Started GET "/" for 192.168.99.1 at 2015-08-26 15:37:58 +0000
Cannot render console from 192.168.99.1! Allowed networks: 127.0.0.1, ::1, 127.0.0.0/127.255.255.255
Processing by VisitorsController#index as HTML
  Rendered visitors/index.html.erb within layouts/application (0.8ms)
  Rendered layouts/_navigation_links.html.erb (0.4ms)
  Rendered layouts/_navigation.html.erb (21.2ms)
  Rendered layouts/_messages.html.erb (0.2ms)
Completed 200 OK in 612ms (Views: 611.5ms | ActiveRecord: 0.0ms)
